TpTrace Verbose: 0 : 11828, 1, 2021/10/13, 11:09:51.569, 3546118535371, vstest.console.dll, Version: 16.11.0-release-20210626-04
TpTrace Information: 0 : 11828, 1, 2021/10/13, 11:09:51.578, 3546118604927, vstest.console.dll, FilePatternParser: The given file C:\Users\aitor\Downloads\RedArborAPI\RedArborAPI.Test\bin\Debug\net5.0\fine-code-coverage\build-output\RedArborAPI.Test.dll is a full path.
TpTrace Verbose: 0 : 11828, 1, 2021/10/13, 11:09:51.584, 3546118658931, vstest.console.dll, TestPluginCache.DiscoverTestExtensions: finding test extensions in assemblies ends with: RuntimeProvider.dll TPluginInfo: Microsoft.VisualStudio.TestPlatform.Common.ExtensionFramework.Utilities.TestRuntimePluginInformation TExtension: Microsoft.VisualStudio.TestPlatform.ObjectModel.Host.ITestRuntimeProvider
TpTrace Verbose: 0 : 11828, 1, 2021/10/13, 11:09:51.914, 3546121965484, vstest.console.dll, TestPluginCache.GetExtensionPaths: Filtered extension paths: 
TpTrace Verbose: 0 : 11828, 1, 2021/10/13, 11:09:51.915, 3546121969658, vstest.console.dll, TestPluginCache.GetExtensionPaths: Added default extension paths: C:\Program Files\dotnet\sdk\5.0.400\Extensions\Microsoft.Diagnostics.NETCore.Client.dll
C:\Program Files\dotnet\sdk\5.0.400\Extensions\Microsoft.TestPlatform.Extensions.BlameDataCollector.dll
C:\Program Files\dotnet\sdk\5.0.400\Extensions\Microsoft.TestPlatform.Extensions.EventLogCollector.dll
C:\Program Files\dotnet\sdk\5.0.400\Extensions\Microsoft.TestPlatform.TestHostRuntimeProvider.dll
C:\Program Files\dotnet\sdk\5.0.400\Extensions\Microsoft.VisualStudio.TestPlatform.Extensions.Html.TestLogger.dll
C:\Program Files\dotnet\sdk\5.0.400\Extensions\Microsoft.VisualStudio.TestPlatform.Extensions.Trx.TestLogger.dll
TpTrace Verbose: 0 : 11828, 1, 2021/10/13, 11:09:51.915, 3546121970672, vstest.console.dll, TestPluginCache.GetExtensionPaths: Added unfilterableExtensionPaths: 
TpTrace Information: 0 : 11828, 1, 2021/10/13, 11:09:51.916, 3546121978508, vstest.console.dll, AssemblyResolver.ctor: Creating AssemblyResolver with searchDirectories C:\Program Files\dotnet\sdk\5.0.400\Extensions,C:\Program Files\dotnet\sdk\5.0.400
TpTrace Verbose: 0 : 11828, 1, 2021/10/13, 11:09:51.916, 3546121987207, vstest.console.dll, TestPluginCache.DiscoverTestExtensions: Discovering the extensions using extension path.
TpTrace Verbose: 0 : 11828, 1, 2021/10/13, 11:09:51.917, 3546121988434, vstest.console.dll, TestPluginCache.GetExtensionPaths: Filtered extension paths: 
TpTrace Verbose: 0 : 11828, 1, 2021/10/13, 11:09:51.917, 3546121989043, vstest.console.dll, TestPluginCache.GetExtensionPaths: Added default extension paths: C:\Program Files\dotnet\sdk\5.0.400\Extensions\Microsoft.Diagnostics.NETCore.Client.dll
C:\Program Files\dotnet\sdk\5.0.400\Extensions\Microsoft.TestPlatform.Extensions.BlameDataCollector.dll
C:\Program Files\dotnet\sdk\5.0.400\Extensions\Microsoft.TestPlatform.Extensions.EventLogCollector.dll
C:\Program Files\dotnet\sdk\5.0.400\Extensions\Microsoft.TestPlatform.TestHostRuntimeProvider.dll
C:\Program Files\dotnet\sdk\5.0.400\Extensions\Microsoft.VisualStudio.TestPlatform.Extensions.Html.TestLogger.dll
C:\Program Files\dotnet\sdk\5.0.400\Extensions\Microsoft.VisualStudio.TestPlatform.Extensions.Trx.TestLogger.dll
TpTrace Verbose: 0 : 11828, 1, 2021/10/13, 11:09:51.917, 3546121989525, vstest.console.dll, TestPluginCache.GetExtensionPaths: Added unfilterableExtensionPaths: 
TpTrace Verbose: 0 : 11828, 1, 2021/10/13, 11:09:51.917, 3546121990290, vstest.console.dll, TestPluginCache.DiscoverTestExtensions: Discovering the extensions using allExtensionPaths: C:\Program Files\dotnet\sdk\5.0.400\Extensions\Microsoft.Diagnostics.NETCore.Client.dll
C:\Program Files\dotnet\sdk\5.0.400\Extensions\Microsoft.TestPlatform.Extensions.BlameDataCollector.dll
C:\Program Files\dotnet\sdk\5.0.400\Extensions\Microsoft.TestPlatform.Extensions.EventLogCollector.dll
C:\Program Files\dotnet\sdk\5.0.400\Extensions\Microsoft.TestPlatform.TestHostRuntimeProvider.dll
C:\Program Files\dotnet\sdk\5.0.400\Extensions\Microsoft.VisualStudio.TestPlatform.Extensions.Html.TestLogger.dll
C:\Program Files\dotnet\sdk\5.0.400\Extensions\Microsoft.VisualStudio.TestPlatform.Extensions.Trx.TestLogger.dll
TpTrace Information: 0 : 11828, 1, 2021/10/13, 11:09:51.917, 3546121991733, vstest.console.dll, AssemblyResolver.AddSearchDirectories: Adding more searchDirectories C:\Program Files\dotnet\sdk\5.0.400\Extensions,C:\Program Files\dotnet\sdk\5.0.400
TpTrace Information: 0 : 11828, 1, 2021/10/13, 11:09:51.917, 3546121992510, vstest.console.dll, AssemblyResolver.AddSearchDirectories: Adding more searchDirectories C:\Program Files\dotnet\sdk\5.0.400\Extensions,C:\Program Files\dotnet\sdk\5.0.400
TpTrace Information: 0 : 11828, 1, 2021/10/13, 11:09:51.917, 3546121993055, vstest.console.dll, AssemblyResolver.AddSearchDirectories: Adding more searchDirectories C:\Program Files\dotnet\sdk\5.0.400\Extensions,C:\Program Files\dotnet\sdk\5.0.400
TpTrace Information: 0 : 11828, 1, 2021/10/13, 11:09:51.917, 3546121993504, vstest.console.dll, AssemblyResolver.AddSearchDirectories: Adding more searchDirectories C:\Program Files\dotnet\sdk\5.0.400\Extensions,C:\Program Files\dotnet\sdk\5.0.400
TpTrace Information: 0 : 11828, 1, 2021/10/13, 11:09:51.917, 3546121993938, vstest.console.dll, AssemblyResolver.AddSearchDirectories: Adding more searchDirectories C:\Program Files\dotnet\sdk\5.0.400\Extensions,C:\Program Files\dotnet\sdk\5.0.400
TpTrace Information: 0 : 11828, 1, 2021/10/13, 11:09:51.917, 3546121994437, vstest.console.dll, AssemblyResolver.AddSearchDirectories: Adding more searchDirectories C:\Program Files\dotnet\sdk\5.0.400\Extensions,C:\Program Files\dotnet\sdk\5.0.400
TpTrace Information: 0 : 11828, 1, 2021/10/13, 11:09:51.918, 3546121997556, vstest.console.dll, AssemblyResolver.OnResolve: Microsoft.Diagnostics.NETCore.Client: Resolving assembly.
TpTrace Information: 0 : 11828, 1, 2021/10/13, 11:09:51.918, 3546121998345, vstest.console.dll, AssemblyResolver.OnResolve: Microsoft.Diagnostics.NETCore.Client: Searching in: 'C:\Program Files\dotnet\sdk\5.0.400\Extensions'.
TpTrace Information: 0 : 11828, 1, 2021/10/13, 11:09:51.918, 3546122001969, vstest.console.dll, AssemblyResolver.OnResolve: Microsoft.Diagnostics.NETCore.Client: Loading assembly 'C:\Program Files\dotnet\sdk\5.0.400\Extensions\Microsoft.Diagnostics.NETCore.Client.dll'.
TpTrace Information: 0 : 11828, 1, 2021/10/13, 11:09:51.919, 3546122007530, vstest.console.dll, AssemblyResolver.OnResolve: Resolved assembly: Microsoft.Diagnostics.NETCore.Client, from path: C:\Program Files\dotnet\sdk\5.0.400\Extensions\Microsoft.Diagnostics.NETCore.Client.dll
TpTrace Information: 0 : 11828, 1, 2021/10/13, 11:09:51.921, 3546122028348, vstest.console.dll, AssemblyResolver.OnResolve: Microsoft.Bcl.AsyncInterfaces: Resolving assembly.
TpTrace Information: 0 : 11828, 1, 2021/10/13, 11:09:51.921, 3546122029085, vstest.console.dll, AssemblyResolver.OnResolve: Microsoft.Bcl.AsyncInterfaces: Searching in: 'C:\Program Files\dotnet\sdk\5.0.400\Extensions'.
TpTrace Information: 0 : 11828, 1, 2021/10/13, 11:09:51.921, 3546122030031, vstest.console.dll, AssemblyResolver.OnResolve: Microsoft.Bcl.AsyncInterfaces: Assembly path does not exist: 'C:\Program Files\dotnet\sdk\5.0.400\Extensions\Microsoft.Bcl.AsyncInterfaces.dll', returning.
TpTrace Information: 0 : 11828, 1, 2021/10/13, 11:09:51.921, 3546122031165, vstest.console.dll, AssemblyResolver.OnResolve: Microsoft.Bcl.AsyncInterfaces: Assembly path does not exist: 'C:\Program Files\dotnet\sdk\5.0.400\Extensions\Microsoft.Bcl.AsyncInterfaces.exe', returning.
TpTrace Information: 0 : 11828, 1, 2021/10/13, 11:09:51.921, 3546122031988, vstest.console.dll, AssemblyResolver.OnResolve: Microsoft.Bcl.AsyncInterfaces: Searching in: 'C:\Program Files\dotnet\sdk\5.0.400'.
TpTrace Information: 0 : 11828, 1, 2021/10/13, 11:09:51.921, 3546122033138, vstest.console.dll, AssemblyResolver.OnResolve: Microsoft.Bcl.AsyncInterfaces: Assembly path does not exist: 'C:\Program Files\dotnet\sdk\5.0.400\Microsoft.Bcl.AsyncInterfaces.dll', returning.
TpTrace Information: 0 : 11828, 1, 2021/10/13, 11:09:51.921, 3546122033895, vstest.console.dll, AssemblyResolver.OnResolve: Microsoft.Bcl.AsyncInterfaces: Assembly path does not exist: 'C:\Program Files\dotnet\sdk\5.0.400\Microsoft.Bcl.AsyncInterfaces.exe', returning.
TpTrace Information: 0 : 11828, 1, 2021/10/13, 11:09:51.921, 3546122034634, vstest.console.dll, AssemblyResolver.OnResolve: Microsoft.Bcl.AsyncInterfaces: Failed to load assembly.
TpTrace Verbose: 0 : 11828, 1, 2021/10/13, 11:09:51.921, 3546122035182, vstest.console.dll, CurrentDomainAssemblyResolve: Resolving assembly 'Microsoft.Bcl.AsyncInterfaces'.
TpTrace Information: 0 : 11828, 1, 2021/10/13, 11:09:51.921, 3546122035934, vstest.console.dll, AssemblyResolver.OnResolve: Microsoft.Bcl.AsyncInterfaces: Resolving assembly.
TpTrace Information: 0 : 11828, 1, 2021/10/13, 11:09:51.921, 3546122036483, vstest.console.dll, AssemblyResolver.OnResolve: Microsoft.Bcl.AsyncInterfaces: Resolved from cache.
TpTrace Verbose: 0 : 11828, 1, 2021/10/13, 11:09:51.921, 3546122037092, vstest.console.dll, CurrentDomainAssemblyResolve: Resolving assembly 'Microsoft.Bcl.AsyncInterfaces'.
TpTrace Verbose: 0 : 11828, 1, 2021/10/13, 11:09:51.922, 3546122037573, vstest.console.dll, CurrentDomainAssemblyResolve: Failed to resolve assembly 'Microsoft.Bcl.AsyncInterfaces'.
TpTrace Verbose: 0 : 11828, 1, 2021/10/13, 11:09:51.922, 3546122044384, vstest.console.dll, CurrentDomainAssemblyResolve: Failed to resolve assembly 'Microsoft.Bcl.AsyncInterfaces'.
TpTrace Warning: 0 : 11828, 1, 2021/10/13, 11:09:51.934, 3546122161154, vstest.console.dll, TestPluginDiscoverer: Failed to get types from assembly 'Microsoft.Diagnostics.NETCore.Client, Version=0.2.2.41902, Culture=neutral, PublicKeyToken=31bf3856ad364e35'.  Skipping test extension scan for this assembly.  Error: System.Reflection.ReflectionTypeLoadException: Unable to load one or more of the requested types.
Could not load file or assembly 'Microsoft.Bcl.AsyncInterfaces, Version=1.0.0.0, Culture=neutral, PublicKeyToken=cc7b13ffcd2ddd51'. El sistema no puede encontrar el archivo especificado.
   at System.Reflection.RuntimeModule.GetTypes(RuntimeModule module)
   at System.Reflection.RuntimeModule.GetTypes()
   at System.Reflection.Assembly.GetTypes()
   at Microsoft.VisualStudio.TestPlatform.Common.ExtensionFramework.TestPluginDiscoverer.GetTestExtensionsFromAssembly[TPluginInfo,TExtension](Assembly assembly, Dictionary`2 pluginInfos)
System.IO.FileNotFoundException: Could not load file or assembly 'Microsoft.Bcl.AsyncInterfaces, Version=1.0.0.0, Culture=neutral, PublicKeyToken=cc7b13ffcd2ddd51'. El sistema no puede encontrar el archivo especificado.
File name: 'Microsoft.Bcl.AsyncInterfaces, Version=1.0.0.0, Culture=neutral, PublicKeyToken=cc7b13ffcd2ddd51'
TpTrace Warning: 0 : 11828, 1, 2021/10/13, 11:09:51.934, 3546122162597, vstest.console.dll, LoaderExceptions: System.IO.FileNotFoundException: Could not load file or assembly 'Microsoft.Bcl.AsyncInterfaces, Version=1.0.0.0, Culture=neutral, PublicKeyToken=cc7b13ffcd2ddd51'. El sistema no puede encontrar el archivo especificado.
File name: 'Microsoft.Bcl.AsyncInterfaces, Version=1.0.0.0, Culture=neutral, PublicKeyToken=cc7b13ffcd2ddd51'
TpTrace Information: 0 : 11828, 1, 2021/10/13, 11:09:51.934, 3546122164084, vstest.console.dll, AssemblyResolver.OnResolve: Microsoft.TestPlatform.Extensions.BlameDataCollector: Resolving assembly.
TpTrace Information: 0 : 11828, 1, 2021/10/13, 11:09:51.934, 3546122164621, vstest.console.dll, AssemblyResolver.OnResolve: Microsoft.TestPlatform.Extensions.BlameDataCollector: Searching in: 'C:\Program Files\dotnet\sdk\5.0.400\Extensions'.
TpTrace Information: 0 : 11828, 1, 2021/10/13, 11:09:51.935, 3546122167289, vstest.console.dll, AssemblyResolver.OnResolve: Microsoft.TestPlatform.Extensions.BlameDataCollector: Loading assembly 'C:\Program Files\dotnet\sdk\5.0.400\Extensions\Microsoft.TestPlatform.Extensions.BlameDataCollector.dll'.
TpTrace Information: 0 : 11828, 1, 2021/10/13, 11:09:51.935, 3546122172681, vstest.console.dll, AssemblyResolver.OnResolve: Resolved assembly: Microsoft.TestPlatform.Extensions.BlameDataCollector, from path: C:\Program Files\dotnet\sdk\5.0.400\Extensions\Microsoft.TestPlatform.Extensions.BlameDataCollector.dll
TpTrace Information: 0 : 11828, 1, 2021/10/13, 11:09:51.936, 3546122178126, vstest.console.dll, AssemblyResolver.OnResolve: Microsoft.TestPlatform.Extensions.EventLogCollector: Resolving assembly.
TpTrace Information: 0 : 11828, 1, 2021/10/13, 11:09:51.936, 3546122178904, vstest.console.dll, AssemblyResolver.OnResolve: Microsoft.TestPlatform.Extensions.EventLogCollector: Searching in: 'C:\Program Files\dotnet\sdk\5.0.400\Extensions'.
TpTrace Information: 0 : 11828, 1, 2021/10/13, 11:09:51.936, 3546122181962, vstest.console.dll, AssemblyResolver.OnResolve: Microsoft.TestPlatform.Extensions.EventLogCollector: Loading assembly 'C:\Program Files\dotnet\sdk\5.0.400\Extensions\Microsoft.TestPlatform.Extensions.EventLogCollector.dll'.
TpTrace Information: 0 : 11828, 1, 2021/10/13, 11:09:51.936, 3546122185545, vstest.console.dll, AssemblyResolver.OnResolve: Resolved assembly: Microsoft.TestPlatform.Extensions.EventLogCollector, from path: C:\Program Files\dotnet\sdk\5.0.400\Extensions\Microsoft.TestPlatform.Extensions.EventLogCollector.dll
TpTrace Information: 0 : 11828, 1, 2021/10/13, 11:09:51.938, 3546122200284, vstest.console.dll, AssemblyResolver.OnResolve: Microsoft.TestPlatform.TestHostRuntimeProvider: Resolving assembly.
TpTrace Information: 0 : 11828, 1, 2021/10/13, 11:09:51.938, 3546122201282, vstest.console.dll, AssemblyResolver.OnResolve: Microsoft.TestPlatform.TestHostRuntimeProvider: Searching in: 'C:\Program Files\dotnet\sdk\5.0.400\Extensions'.
TpTrace Information: 0 : 11828, 1, 2021/10/13, 11:09:51.938, 3546122204107, vstest.console.dll, AssemblyResolver.OnResolve: Microsoft.TestPlatform.TestHostRuntimeProvider: Loading assembly 'C:\Program Files\dotnet\sdk\5.0.400\Extensions\Microsoft.TestPlatform.TestHostRuntimeProvider.dll'.
TpTrace Information: 0 : 11828, 1, 2021/10/13, 11:09:51.939, 3546122208372, vstest.console.dll, AssemblyResolver.OnResolve: Resolved assembly: Microsoft.TestPlatform.TestHostRuntimeProvider, from path: C:\Program Files\dotnet\sdk\5.0.400\Extensions\Microsoft.TestPlatform.TestHostRuntimeProvider.dll
TpTrace Information: 0 : 11828, 1, 2021/10/13, 11:09:51.940, 3546122222332, vstest.console.dll, AssemblyResolver.OnResolve: Microsoft.VisualStudio.TestPlatform.Extensions.Html.TestLogger: Resolving assembly.
TpTrace Information: 0 : 11828, 1, 2021/10/13, 11:09:51.940, 3546122223199, vstest.console.dll, AssemblyResolver.OnResolve: Microsoft.VisualStudio.TestPlatform.Extensions.Html.TestLogger: Searching in: 'C:\Program Files\dotnet\sdk\5.0.400\Extensions'.
TpTrace Information: 0 : 11828, 1, 2021/10/13, 11:09:51.940, 3546122226277, vstest.console.dll, AssemblyResolver.OnResolve: Microsoft.VisualStudio.TestPlatform.Extensions.Html.TestLogger: Loading assembly 'C:\Program Files\dotnet\sdk\5.0.400\Extensions\Microsoft.VisualStudio.TestPlatform.Extensions.Html.TestLogger.dll'.
TpTrace Information: 0 : 11828, 1, 2021/10/13, 11:09:51.941, 3546122230684, vstest.console.dll, AssemblyResolver.OnResolve: Resolved assembly: Microsoft.VisualStudio.TestPlatform.Extensions.Html.TestLogger, from path: C:\Program Files\dotnet\sdk\5.0.400\Extensions\Microsoft.VisualStudio.TestPlatform.Extensions.Html.TestLogger.dll
TpTrace Information: 0 : 11828, 1, 2021/10/13, 11:09:51.941, 3546122233881, vstest.console.dll, AssemblyResolver.OnResolve: Microsoft.VisualStudio.TestPlatform.Extensions.Trx.TestLogger: Resolving assembly.
TpTrace Information: 0 : 11828, 1, 2021/10/13, 11:09:51.941, 3546122234625, vstest.console.dll, AssemblyResolver.OnResolve: Microsoft.VisualStudio.TestPlatform.Extensions.Trx.TestLogger: Searching in: 'C:\Program Files\dotnet\sdk\5.0.400\Extensions'.
TpTrace Information: 0 : 11828, 1, 2021/10/13, 11:09:51.942, 3546122237462, vstest.console.dll, AssemblyResolver.OnResolve: Microsoft.VisualStudio.TestPlatform.Extensions.Trx.TestLogger: Loading assembly 'C:\Program Files\dotnet\sdk\5.0.400\Extensions\Microsoft.VisualStudio.TestPlatform.Extensions.Trx.TestLogger.dll'.
TpTrace Information: 0 : 11828, 1, 2021/10/13, 11:09:51.942, 3546122243807, vstest.console.dll, AssemblyResolver.OnResolve: Resolved assembly: Microsoft.VisualStudio.TestPlatform.Extensions.Trx.TestLogger, from path: C:\Program Files\dotnet\sdk\5.0.400\Extensions\Microsoft.VisualStudio.TestPlatform.Extensions.Trx.TestLogger.dll
TpTrace Verbose: 0 : 11828, 1, 2021/10/13, 11:09:51.943, 3546122250046, vstest.console.dll, TestPluginCache: Discovered the extensions using extension path ''.
TpTrace Verbose: 0 : 11828, 1, 2021/10/13, 11:09:51.943, 3546122251055, vstest.console.dll, TestPluginCache: Discoverers are ''.
TpTrace Verbose: 0 : 11828, 1, 2021/10/13, 11:09:51.943, 3546122251709, vstest.console.dll, TestPluginCache: Executors are ''.
TpTrace Verbose: 0 : 11828, 1, 2021/10/13, 11:09:51.943, 3546122252224, vstest.console.dll, TestPluginCache: Executors2 are ''.
TpTrace Verbose: 0 : 11828, 1, 2021/10/13, 11:09:51.943, 3546122252846, vstest.console.dll, TestPluginCache: Setting providers are ''.
TpTrace Verbose: 0 : 11828, 1, 2021/10/13, 11:09:51.943, 3546122253416, vstest.console.dll, TestPluginCache: Loggers are ''.
TpTrace Information: 0 : 11828, 1, 2021/10/13, 11:09:51.947, 3546122291523, vstest.console.dll, RunTestsArgumentProcessor:Execute: Test run is starting.
TpTrace Verbose: 0 : 11828, 1, 2021/10/13, 11:09:51.947, 3546122292768, vstest.console.dll, RunTestsArgumentProcessor:Execute: Queuing Test run.
TpTrace Information: 0 : 11828, 1, 2021/10/13, 11:09:51.947, 3546122295164, vstest.console.dll, TestRequestManager.RunTests: run tests started.
TpTrace Information: 0 : 11828, 1, 2021/10/13, 11:09:51.956, 3546122385874, vstest.console.dll, AssemblyMetadataProvider.GetFrameWork: Determined framework:'.NETCoreApp,Version=v5.0' for source: 'C:\Users\aitor\Downloads\RedArborAPI\RedArborAPI.Test\bin\Debug\net5.0\fine-code-coverage\build-output\RedArborAPI.Test.dll'
TpTrace Information: 0 : 11828, 1, 2021/10/13, 11:09:51.957, 3546122387827, vstest.console.dll, Determined framework for all sources: .NETCoreApp,Version=v5.0
TpTrace Information: 0 : 11828, 1, 2021/10/13, 11:09:51.957, 3546122391935, vstest.console.dll, AssemblyMetadataProvider.GetArchitecture: Determined architecture:AnyCPU info for assembly: C:\Users\aitor\Downloads\RedArborAPI\RedArborAPI.Test\bin\Debug\net5.0\fine-code-coverage\build-output\RedArborAPI.Test.dll
TpTrace Information: 0 : 11828, 1, 2021/10/13, 11:09:51.958, 3546122406397, vstest.console.dll, Determined platform for all sources: X64
TpTrace Information: 0 : 11828, 1, 2021/10/13, 11:09:51.960, 3546122426538, vstest.console.dll, Compatible sources list : 
TpTrace Information: 0 : 11828, 1, 2021/10/13, 11:09:51.961, 3546122427743, vstest.console.dll, C:\Users\aitor\Downloads\RedArborAPI\RedArborAPI.Test\bin\Debug\net5.0\fine-code-coverage\build-output\RedArborAPI.Test.dll
TpTrace Information: 0 : 11828, 1, 2021/10/13, 11:09:51.963, 3546122448774, vstest.console.dll, InferRunSettingsHelper.IsTestSettingsEnabled: Unable to navigate to RunSettings/MSTest. Current node: RunSettings
TpTrace Information: 0 : 11828, 1, 2021/10/13, 11:09:51.964, 3546122458503, vstest.console.dll, AssemblyResolver.OnResolve: Microsoft.VisualStudio.TestPlatform.Fakes: Resolving assembly.
TpTrace Information: 0 : 11828, 1, 2021/10/13, 11:09:51.964, 3546122459415, vstest.console.dll, AssemblyResolver.OnResolve: Microsoft.VisualStudio.TestPlatform.Fakes: Searching in: 'C:\Program Files\dotnet\sdk\5.0.400\Extensions'.
TpTrace Information: 0 : 11828, 1, 2021/10/13, 11:09:51.964, 3546122461556, vstest.console.dll, AssemblyResolver.OnResolve: Microsoft.VisualStudio.TestPlatform.Fakes: Assembly path does not exist: 'C:\Program Files\dotnet\sdk\5.0.400\Extensions\Microsoft.VisualStudio.TestPlatform.Fakes.dll', returning.
TpTrace Information: 0 : 11828, 1, 2021/10/13, 11:09:51.964, 3546122463503, vstest.console.dll, AssemblyResolver.OnResolve: Microsoft.VisualStudio.TestPlatform.Fakes: Assembly path does not exist: 'C:\Program Files\dotnet\sdk\5.0.400\Extensions\Microsoft.VisualStudio.TestPlatform.Fakes.exe', returning.
TpTrace Information: 0 : 11828, 1, 2021/10/13, 11:09:51.964, 3546122464931, vstest.console.dll, AssemblyResolver.OnResolve: Microsoft.VisualStudio.TestPlatform.Fakes: Searching in: 'C:\Program Files\dotnet\sdk\5.0.400'.
TpTrace Information: 0 : 11828, 1, 2021/10/13, 11:09:51.964, 3546122466305, vstest.console.dll, AssemblyResolver.OnResolve: Microsoft.VisualStudio.TestPlatform.Fakes: Assembly path does not exist: 'C:\Program Files\dotnet\sdk\5.0.400\Microsoft.VisualStudio.TestPlatform.Fakes.dll', returning.
TpTrace Information: 0 : 11828, 1, 2021/10/13, 11:09:51.965, 3546122467357, vstest.console.dll, AssemblyResolver.OnResolve: Microsoft.VisualStudio.TestPlatform.Fakes: Assembly path does not exist: 'C:\Program Files\dotnet\sdk\5.0.400\Microsoft.VisualStudio.TestPlatform.Fakes.exe', returning.
TpTrace Information: 0 : 11828, 1, 2021/10/13, 11:09:51.965, 3546122468608, vstest.console.dll, AssemblyResolver.OnResolve: Microsoft.VisualStudio.TestPlatform.Fakes: Failed to load assembly.
TpTrace Information: 0 : 11828, 1, 2021/10/13, 11:09:51.965, 3546122472672, vstest.console.dll, Failed to create newly implemented Fakes Configurator. Reason:System.IO.FileNotFoundException: Could not load file or assembly 'Microsoft.VisualStudio.TestPlatform.Fakes, Version=16.0.0.0, Culture=neutral, PublicKeyToken=null'. El sistema no puede encontrar el archivo especificado.
File name: 'Microsoft.VisualStudio.TestPlatform.Fakes, Version=16.0.0.0, Culture=neutral, PublicKeyToken=null'
   at System.Reflection.RuntimeAssembly.InternalLoad(ObjectHandleOnStack assemblyName, ObjectHandleOnStack requestingAssembly, StackCrawlMarkHandle stackMark, Boolean throwOnFileNotFound, ObjectHandleOnStack assemblyLoadContext, ObjectHandleOnStack retAssembly)
   at System.Reflection.RuntimeAssembly.InternalLoad(AssemblyName assemblyName, RuntimeAssembly requestingAssembly, StackCrawlMark& stackMark, Boolean throwOnFileNotFound, AssemblyLoadContext assemblyLoadContext)
   at System.Reflection.Assembly.Load(AssemblyName assemblyRef)
   at Microsoft.VisualStudio.TestPlatform.Common.Utilities.FakesUtilities.TryGetFakesCrossPlatformDataCollectorConfigurator() 
TpTrace Verbose: 0 : 11828, 1, 2021/10/13, 11:09:51.968, 3546122504065, vstest.console.dll, TestPluginCache.DiscoverTestExtensions: finding test extensions in assemblies ends with: TestLogger.dll TPluginInfo: Microsoft.VisualStudio.TestPlatform.Common.ExtensionFramework.Utilities.TestLoggerPluginInformation TExtension: Microsoft.VisualStudio.TestPlatform.ObjectModel.Client.ITestLogger
TpTrace Verbose: 0 : 11828, 1, 2021/10/13, 11:09:51.968, 3546122505051, vstest.console.dll, TestPluginCache.GetExtensionPaths: Filtered extension paths: 
TpTrace Verbose: 0 : 11828, 1, 2021/10/13, 11:09:51.968, 3546122505555, vstest.console.dll, TestPluginCache.GetExtensionPaths: Added default extension paths: C:\Program Files\dotnet\sdk\5.0.400\Extensions\Microsoft.Diagnostics.NETCore.Client.dll
C:\Program Files\dotnet\sdk\5.0.400\Extensions\Microsoft.TestPlatform.Extensions.BlameDataCollector.dll
C:\Program Files\dotnet\sdk\5.0.400\Extensions\Microsoft.TestPlatform.Extensions.EventLogCollector.dll
C:\Program Files\dotnet\sdk\5.0.400\Extensions\Microsoft.TestPlatform.TestHostRuntimeProvider.dll
C:\Program Files\dotnet\sdk\5.0.400\Extensions\Microsoft.VisualStudio.TestPlatform.Extensions.Html.TestLogger.dll
C:\Program Files\dotnet\sdk\5.0.400\Extensions\Microsoft.VisualStudio.TestPlatform.Extensions.Trx.TestLogger.dll
TpTrace Verbose: 0 : 11828, 1, 2021/10/13, 11:09:51.968, 3546122507056, vstest.console.dll, TestPluginCache.GetExtensionPaths: Added unfilterableExtensionPaths: 
TpTrace Information: 0 : 11828, 1, 2021/10/13, 11:09:51.969, 3546122509980, vstest.console.dll, AssemblyResolver.AddSearchDirectories: Adding more searchDirectories C:\Program Files\dotnet\sdk\5.0.400\Extensions,C:\Program Files\dotnet\sdk\5.0.400
TpTrace Verbose: 0 : 11828, 1, 2021/10/13, 11:09:51.969, 3546122510695, vstest.console.dll, TestPluginCache.DiscoverTestExtensions: Discovering the extensions using extension path.
TpTrace Verbose: 0 : 11828, 1, 2021/10/13, 11:09:51.969, 3546122511725, vstest.console.dll, TestPluginCache.GetExtensionPaths: Filtered extension paths: 
TpTrace Verbose: 0 : 11828, 1, 2021/10/13, 11:09:51.969, 3546122512791, vstest.console.dll, TestPluginCache.GetExtensionPaths: Added default extension paths: C:\Program Files\dotnet\sdk\5.0.400\Extensions\Microsoft.Diagnostics.NETCore.Client.dll
C:\Program Files\dotnet\sdk\5.0.400\Extensions\Microsoft.TestPlatform.Extensions.BlameDataCollector.dll
C:\Program Files\dotnet\sdk\5.0.400\Extensions\Microsoft.TestPlatform.Extensions.EventLogCollector.dll
C:\Program Files\dotnet\sdk\5.0.400\Extensions\Microsoft.TestPlatform.TestHostRuntimeProvider.dll
C:\Program Files\dotnet\sdk\5.0.400\Extensions\Microsoft.VisualStudio.TestPlatform.Extensions.Html.TestLogger.dll
C:\Program Files\dotnet\sdk\5.0.400\Extensions\Microsoft.VisualStudio.TestPlatform.Extensions.Trx.TestLogger.dll
TpTrace Verbose: 0 : 11828, 1, 2021/10/13, 11:09:51.969, 3546122513524, vstest.console.dll, TestPluginCache.GetExtensionPaths: Added unfilterableExtensionPaths: 
TpTrace Verbose: 0 : 11828, 1, 2021/10/13, 11:09:51.969, 3546122514093, vstest.console.dll, TestPluginCache.DiscoverTestExtensions: Discovering the extensions using allExtensionPaths: C:\Program Files\dotnet\sdk\5.0.400\Extensions\Microsoft.Diagnostics.NETCore.Client.dll
C:\Program Files\dotnet\sdk\5.0.400\Extensions\Microsoft.TestPlatform.Extensions.BlameDataCollector.dll
C:\Program Files\dotnet\sdk\5.0.400\Extensions\Microsoft.TestPlatform.Extensions.EventLogCollector.dll
C:\Program Files\dotnet\sdk\5.0.400\Extensions\Microsoft.TestPlatform.TestHostRuntimeProvider.dll
C:\Program Files\dotnet\sdk\5.0.400\Extensions\Microsoft.VisualStudio.TestPlatform.Extensions.Html.TestLogger.dll
C:\Program Files\dotnet\sdk\5.0.400\Extensions\Microsoft.VisualStudio.TestPlatform.Extensions.Trx.TestLogger.dll
TpTrace Information: 0 : 11828, 1, 2021/10/13, 11:09:51.969, 3546122515055, vstest.console.dll, AssemblyResolver.AddSearchDirectories: Adding more searchDirectories C:\Program Files\dotnet\sdk\5.0.400\Extensions,C:\Program Files\dotnet\sdk\5.0.400
TpTrace Information: 0 : 11828, 1, 2021/10/13, 11:09:51.969, 3546122515529, vstest.console.dll, AssemblyResolver.AddSearchDirectories: Adding more searchDirectories C:\Program Files\dotnet\sdk\5.0.400\Extensions,C:\Program Files\dotnet\sdk\5.0.400
TpTrace Information: 0 : 11828, 1, 2021/10/13, 11:09:51.969, 3546122515963, vstest.console.dll, AssemblyResolver.AddSearchDirectories: Adding more searchDirectories C:\Program Files\dotnet\sdk\5.0.400\Extensions,C:\Program Files\dotnet\sdk\5.0.400
TpTrace Information: 0 : 11828, 1, 2021/10/13, 11:09:51.969, 3546122516926, vstest.console.dll, AssemblyResolver.AddSearchDirectories: Adding more searchDirectories C:\Program Files\dotnet\sdk\5.0.400\Extensions,C:\Program Files\dotnet\sdk\5.0.400
TpTrace Information: 0 : 11828, 1, 2021/10/13, 11:09:51.970, 3546122517485, vstest.console.dll, AssemblyResolver.AddSearchDirectories: Adding more searchDirectories C:\Program Files\dotnet\sdk\5.0.400\Extensions,C:\Program Files\dotnet\sdk\5.0.400
TpTrace Information: 0 : 11828, 1, 2021/10/13, 11:09:51.970, 3546122518432, vstest.console.dll, AssemblyResolver.AddSearchDirectories: Adding more searchDirectories C:\Program Files\dotnet\sdk\5.0.400\Extensions,C:\Program Files\dotnet\sdk\5.0.400
TpTrace Information: 0 : 11828, 1, 2021/10/13, 11:09:51.970, 3546122521933, vstest.console.dll, AssemblyResolver.OnResolve: Microsoft.Bcl.AsyncInterfaces: Resolving assembly.
TpTrace Information: 0 : 11828, 1, 2021/10/13, 11:09:51.970, 3546122523034, vstest.console.dll, AssemblyResolver.OnResolve: Microsoft.Bcl.AsyncInterfaces: Resolved from cache.
TpTrace Verbose: 0 : 11828, 1, 2021/10/13, 11:09:51.970, 3546122523834, vstest.console.dll, CurrentDomainAssemblyResolve: Resolving assembly 'Microsoft.Bcl.AsyncInterfaces'.
TpTrace Information: 0 : 11828, 1, 2021/10/13, 11:09:51.970, 3546122524840, vstest.console.dll, AssemblyResolver.OnResolve: Microsoft.Bcl.AsyncInterfaces: Resolving assembly.
TpTrace Information: 0 : 11828, 1, 2021/10/13, 11:09:51.970, 3546122525906, vstest.console.dll, AssemblyResolver.OnResolve: Microsoft.Bcl.AsyncInterfaces: Resolved from cache.
TpTrace Verbose: 0 : 11828, 1, 2021/10/13, 11:09:51.970, 3546122526539, vstest.console.dll, CurrentDomainAssemblyResolve: Resolving assembly 'Microsoft.Bcl.AsyncInterfaces'.
TpTrace Verbose: 0 : 11828, 1, 2021/10/13, 11:09:51.970, 3546122526993, vstest.console.dll, CurrentDomainAssemblyResolve: Failed to resolve assembly 'Microsoft.Bcl.AsyncInterfaces'.
TpTrace Verbose: 0 : 11828, 1, 2021/10/13, 11:09:51.971, 3546122528665, vstest.console.dll, CurrentDomainAssemblyResolve: Failed to resolve assembly 'Microsoft.Bcl.AsyncInterfaces'.
TpTrace Warning: 0 : 11828, 1, 2021/10/13, 11:09:51.971, 3546122531418, vstest.console.dll, TestPluginDiscoverer: Failed to get types from assembly 'Microsoft.Diagnostics.NETCore.Client, Version=0.2.2.41902, Culture=neutral, PublicKeyToken=31bf3856ad364e35'.  Skipping test extension scan for this assembly.  Error: System.Reflection.ReflectionTypeLoadException: Unable to load one or more of the requested types.
Could not load file or assembly 'Microsoft.Bcl.AsyncInterfaces, Version=1.0.0.0, Culture=neutral, PublicKeyToken=cc7b13ffcd2ddd51'. El sistema no puede encontrar el archivo especificado.
   at System.Reflection.RuntimeModule.GetTypes(RuntimeModule module)
   at System.Reflection.RuntimeModule.GetTypes()
   at System.Reflection.Assembly.GetTypes()
   at Microsoft.VisualStudio.TestPlatform.Common.ExtensionFramework.TestPluginDiscoverer.GetTestExtensionsFromAssembly[TPluginInfo,TExtension](Assembly assembly, Dictionary`2 pluginInfos)
System.IO.FileNotFoundException: Could not load file or assembly 'Microsoft.Bcl.AsyncInterfaces, Version=1.0.0.0, Culture=neutral, PublicKeyToken=cc7b13ffcd2ddd51'. El sistema no puede encontrar el archivo especificado.
File name: 'Microsoft.Bcl.AsyncInterfaces, Version=1.0.0.0, Culture=neutral, PublicKeyToken=cc7b13ffcd2ddd51'
TpTrace Warning: 0 : 11828, 1, 2021/10/13, 11:09:51.971, 3546122532071, vstest.console.dll, LoaderExceptions: System.IO.FileNotFoundException: Could not load file or assembly 'Microsoft.Bcl.AsyncInterfaces, Version=1.0.0.0, Culture=neutral, PublicKeyToken=cc7b13ffcd2ddd51'. El sistema no puede encontrar el archivo especificado.
File name: 'Microsoft.Bcl.AsyncInterfaces, Version=1.0.0.0, Culture=neutral, PublicKeyToken=cc7b13ffcd2ddd51'
TpTrace Verbose: 0 : 11828, 1, 2021/10/13, 11:09:51.971, 3546122535988, vstest.console.dll, TestPluginCache: Discovered the extensions using extension path ''.
TpTrace Verbose: 0 : 11828, 1, 2021/10/13, 11:09:51.971, 3546122536613, vstest.console.dll, TestPluginCache: Discoverers are ''.
TpTrace Verbose: 0 : 11828, 1, 2021/10/13, 11:09:51.972, 3546122537337, vstest.console.dll, TestPluginCache: Executors are ''.
TpTrace Verbose: 0 : 11828, 1, 2021/10/13, 11:09:51.972, 3546122538043, vstest.console.dll, TestPluginCache: Executors2 are ''.
TpTrace Verbose: 0 : 11828, 1, 2021/10/13, 11:09:51.972, 3546122538597, vstest.console.dll, TestPluginCache: Setting providers are ''.
TpTrace Verbose: 0 : 11828, 1, 2021/10/13, 11:09:51.972, 3546122539512, vstest.console.dll, TestPluginCache: Loggers are 'logger://Microsoft/TestPlatform/Extensions/Blame/v1,logger://Microsoft/TestPlatform/HtmlLogger/v1,logger://Microsoft/TestPlatform/TrxLogger/v1'.
TpTrace Information: 0 : 11828, 1, 2021/10/13, 11:09:51.972, 3546122546728, vstest.console.dll, TestPluginManager.CreateTestExtension: Attempting to load test extension: Microsoft.TestPlatform.Extensions.BlameDataCollector.BlameLogger
TpTrace Information: 0 : 11828, 1, 2021/10/13, 11:09:51.980, 3546122617424, vstest.console.dll, TestPluginManager.CreateTestExtension: Attempting to load test extension: Microsoft.VisualStudio.TestPlatform.CrossPlatEngine.Hosting.DefaultTestHostManager
TpTrace Information: 0 : 11828, 1, 2021/10/13, 11:09:51.980, 3546122620111, vstest.console.dll, TestPluginManager.CreateTestExtension: Attempting to load test extension: Microsoft.VisualStudio.TestPlatform.CrossPlatEngine.Hosting.DotnetTestHostManager
TpTrace Verbose: 0 : 11828, 1, 2021/10/13, 11:09:51.980, 3546122624598, vstest.console.dll, TestEngine: Initializing Parallel Execution as MaxCpuCount is set to: 1
TpTrace Information: 0 : 11828, 1, 2021/10/13, 11:09:51.981, 3546122628965, vstest.console.dll, InferRunSettingsHelper.IsTestSettingsEnabled: Unable to navigate to RunSettings/MSTest. Current node: RunSettings
TpTrace Verbose: 0 : 11828, 1, 2021/10/13, 11:09:51.991, 3546122728049, vstest.console.dll, TestRequestSender is acting as server
TpTrace Verbose: 0 : 11828, 4, 2021/10/13, 11:09:51.993, 3546122755919, vstest.console.dll, DataCollectionRequestSender.InitializeCommunication : Initialize communication. 
TpTrace Information: 0 : 11828, 4, 2021/10/13, 11:09:52.003, 3546122851364, vstest.console.dll, Listening on Endpoint : 127.0.0.1:50611
TpTrace Verbose: 0 : 11828, 4, 2021/10/13, 11:09:52.012, 3546122937439, vstest.console.dll, DotnetDataCollectionLauncher: Full path of dotnet.exe is C:\Program Files\dotnet\dotnet.exe
TpTrace Verbose: 0 : 11828, 4, 2021/10/13, 11:09:52.012, 3546122939199, vstest.console.dll, DotnetDataCollectionLauncher: Adding  --runtimeconfig "C:\Program Files\dotnet\sdk\5.0.400\datacollector.runtimeconfig.json" in args
TpTrace Verbose: 0 : 11828, 4, 2021/10/13, 11:09:52.012, 3546122940186, vstest.console.dll, DotnetDataCollectionLauncher: Adding  --depsfile "C:\Program Files\dotnet\sdk\5.0.400\datacollector.deps.json" in args
TpTrace Information: 0 : 11828, 4, 2021/10/13, 11:09:52.019, 3546123010544, vstest.console.dll, ProxyDataCollectionManager.Initialize: Launched datacollector processId: 17504 port: 50611
TpTrace Information: 0 : 11828, 4, 2021/10/13, 11:09:52.019, 3546123012048, vstest.console.dll, ProxyDataCollectionManager.Initialize: waiting for connection with timeout: 90 seconds
TpTrace Verbose: 0 : 11828, 4, 2021/10/13, 11:09:52.019, 3546123012802, vstest.console.dll, DataCollectionRequestSender.WaitForRequestHandlerConnection : Waiting for connection with timeout: 90000
TpTrace Information: 0 : 11828, 7, 2021/10/13, 11:09:52.757, 3546130392649, vstest.console.dll, Using the buffer size of 16384 bytes
TpTrace Verbose: 0 : 11828, 4, 2021/10/13, 11:09:52.757, 3546130393379, vstest.console.dll, ProxyDataCollectionManager.InvokeDataCollectionServiceAction: Starting.
TpTrace Information: 0 : 11828, 7, 2021/10/13, 11:09:52.757, 3546130393595, vstest.console.dll, Accepted Client request and set the flag
TpTrace Information: 0 : 11828, 4, 2021/10/13, 11:09:52.757, 3546130394759, vstest.console.dll, ProxyDataCollectionManager.BeforeTestRunStart: Get environment variable and port for datacollector processId: 17504 port: 50611
TpTrace Verbose: 0 : 11828, 4, 2021/10/13, 11:09:52.758, 3546130397430, vstest.console.dll, DataCollectionRequestSender.SendBeforeTestRunStartAndGetResult : Send BeforeTestRunStart message with settingsXml <RunSettings><RunConfiguration><ResultsDirectory>C:\Users\aitor\Downloads\RedArborAPI\RedArborAPI.Test\bin\Debug\net5.0\fine-code-coverage\coverage-tool-output</ResultsDirectory><TargetPlatform>X64</TargetPlatform><TargetFrameworkVersion>.NETCoreApp,Version=v5.0</TargetFrameworkVersion><DesignMode>False</DesignMode><CollectSourceInformation>False</CollectSourceInformation><TestAdaptersPaths>C:\Program Files\dotnet\sdk\5.0.400\Extensions</TestAdaptersPaths></RunConfiguration><LoggerRunSettings><Loggers><Logger friendlyName="blame" enabled="True" /><Logger friendlyName="Console" uri="logger://microsoft/TestPlatform/ConsoleLogger/v1" assemblyQualifiedName="Microsoft.VisualStudio.TestPlatform.CommandLine.Internal.ConsoleLogger, vstest.console, Version=15.0.0.0, Culture=neutral, PublicKeyToken=b03f5f7f11d50a3a" codeBase="C:\Program Files\dotnet\sdk\5.0.400\vstest.console.dll" enabled="True" /></Loggers></LoggerRunSettings><DataCollectionRunSettings><DataCollectors><DataCollector friendlyName="blame" enabled="True"><Configuration><ResultsDirectory>C:\Users\aitor\Downloads\RedArborAPI\RedArborAPI.Test\bin\Debug\net5.0\fine-code-coverage\coverage-tool-output</ResultsDirectory></Configuration></DataCollector></DataCollectors></DataCollectionRunSettings></RunSettings> and sources System.Linq.Enumerable+Concat2Iterator`1[System.String]: 
TpTrace Verbose: 0 : 11828, 4, 2021/10/13, 11:09:52.814, 3546130966771, vstest.console.dll, DataCollectionRequestSender.SendBeforeTestRunStartAndGetResult : Received message: (DataCollection.SendMessage) -> {
  "FriendlyName": null,
  "Uri": null,
  "TestCaseId": "00000000-0000-0000-0000-000000000000",
  "Message": "Logging DataCollector Diagnostics in file: C:\\Users\\aitor\\Downloads\\RedArborAPI\\RedArborAPI.Test\\bin\\Debug\\net5.0\\fine-code-coverage\\coverage-tool-output\\diagnostics.datacollector.21-10-13_11-09-52_00817_4.log",
  "Level": 0
}
TpTrace Information: 0 : 11828, 4, 2021/10/13, 11:09:52.819, 3546131013268, vstest.console.dll, AssemblyResolver.OnResolve: Microsoft.VisualStudio.TestPlatform.Common.resources: Resolving assembly.
TpTrace Information: 0 : 11828, 4, 2021/10/13, 11:09:52.819, 3546131014204, vstest.console.dll, AssemblyResolver.OnResolve: Microsoft.VisualStudio.TestPlatform.Common.resources: Searching in: 'C:\Program Files\dotnet\sdk\5.0.400\Extensions'.
TpTrace Information: 0 : 11828, 4, 2021/10/13, 11:09:52.819, 3546131015081, vstest.console.dll, AssemblyResolver.OnResolve: Microsoft.VisualStudio.TestPlatform.Common.resources: Assembly path does not exist: 'C:\Program Files\dotnet\sdk\5.0.400\Extensions\Microsoft.VisualStudio.TestPlatform.Common.resources.dll', returning.
TpTrace Information: 0 : 11828, 4, 2021/10/13, 11:09:52.819, 3546131015951, vstest.console.dll, AssemblyResolver.OnResolve: Microsoft.VisualStudio.TestPlatform.Common.resources: Assembly path does not exist: 'C:\Program Files\dotnet\sdk\5.0.400\Extensions\Microsoft.VisualStudio.TestPlatform.Common.resources.exe', returning.
TpTrace Information: 0 : 11828, 4, 2021/10/13, 11:09:52.819, 3546131016365, vstest.console.dll, AssemblyResolver.OnResolve: Microsoft.VisualStudio.TestPlatform.Common.resources: Searching in: 'C:\Program Files\dotnet\sdk\5.0.400'.
TpTrace Information: 0 : 11828, 4, 2021/10/13, 11:09:52.819, 3546131017092, vstest.console.dll, AssemblyResolver.OnResolve: Microsoft.VisualStudio.TestPlatform.Common.resources: Assembly path does not exist: 'C:\Program Files\dotnet\sdk\5.0.400\Microsoft.VisualStudio.TestPlatform.Common.resources.dll', returning.
TpTrace Information: 0 : 11828, 4, 2021/10/13, 11:09:52.820, 3546131017799, vstest.console.dll, AssemblyResolver.OnResolve: Microsoft.VisualStudio.TestPlatform.Common.resources: Assembly path does not exist: 'C:\Program Files\dotnet\sdk\5.0.400\Microsoft.VisualStudio.TestPlatform.Common.resources.exe', returning.
TpTrace Information: 0 : 11828, 4, 2021/10/13, 11:09:52.820, 3546131018343, vstest.console.dll, AssemblyResolver.OnResolve: Microsoft.VisualStudio.TestPlatform.Common.resources: Failed to load assembly.
TpTrace Verbose: 0 : 11828, 4, 2021/10/13, 11:09:52.866, 3546131481558, vstest.console.dll, DataCollectionRequestSender.SendBeforeTestRunStartAndGetResult : Received message: (DataCollection.BeforeTestRunStartResult) -> {
  "EnvironmentVariables": {},
  "DataCollectionEventsPort": 50614
}
TpTrace Information: 0 : 11828, 4, 2021/10/13, 11:09:52.869, 3546131511754, vstest.console.dll, ProxyDataCollectionManager.BeforeTestRunStart: SendBeforeTestRunStartAndGetResult successful, env variable from datacollector:   and testhost port: 50614
TpTrace Information: 0 : 11828, 4, 2021/10/13, 11:09:52.869, 3546131512616, vstest.console.dll, ProxyDataCollectionManager.InvokeDataCollectionServiceAction: Completed.
TpTrace Verbose: 0 : 11828, 1, 2021/10/13, 11:09:52.869, 3546131513795, vstest.console.dll, TestRunRequest.ExecuteAsync: Creating test run request.
TpTrace Verbose: 0 : 11828, 1, 2021/10/13, 11:09:52.869, 3546131515961, vstest.console.dll, TestRunRequest.ExecuteAsync: Starting.
TpTrace Information: 0 : 11828, 1, 2021/10/13, 11:09:52.870, 3546131518160, vstest.console.dll, TestRunRequest.ExecuteAsync: Starting run with settings:TestRunCriteria:
   KeepAlive=False,FrequencyOfRunStatsChangeEvent=10,RunStatsChangeEventTimeout=00:00:01.5000000,TestCaseFilter=,TestExecutorLauncher=
   Settingsxml=<RunSettings>
  <RunConfiguration>
    <ResultsDirectory>C:\Users\aitor\Downloads\RedArborAPI\RedArborAPI.Test\bin\Debug\net5.0\fine-code-coverage\coverage-tool-output</ResultsDirectory>
    <TargetPlatform>X64</TargetPlatform>
    <TargetFrameworkVersion>.NETCoreApp,Version=v5.0</TargetFrameworkVersion>
    <DesignMode>False</DesignMode>
    <CollectSourceInformation>False</CollectSourceInformation>
  </RunConfiguration>
  <LoggerRunSettings>
    <Loggers>
      <Logger friendlyName="blame" enabled="True" />
      <Logger friendlyName="Console" uri="logger://microsoft/TestPlatform/ConsoleLogger/v1" assemblyQualifiedName="Microsoft.VisualStudio.TestPlatform.CommandLine.Internal.ConsoleLogger, vstest.console, Version=15.0.0.0, Culture=neutral, PublicKeyToken=b03f5f7f11d50a3a" codeBase="C:\Program Files\dotnet\sdk\5.0.400\vstest.console.dll" enabled="True" />
    </Loggers>
  </LoggerRunSettings>
  <DataCollectionRunSettings>
    <DataCollectors>
      <DataCollector friendlyName="blame" enabled="True">
        <Configuration>
          <ResultsDirectory>C:\Users\aitor\Downloads\RedArborAPI\RedArborAPI.Test\bin\Debug\net5.0\fine-code-coverage\coverage-tool-output</ResultsDirectory>
        </Configuration>
      </DataCollector>
    </DataCollectors>
  </DataCollectionRunSettings>
</RunSettings>

TpTrace Verbose: 0 : 11828, 1, 2021/10/13, 11:09:52.870, 3546131518835, vstest.console.dll, TestRunRequest.ExecuteAsync: Wait for the first run request is over.
TpTrace Verbose: 0 : 11828, 1, 2021/10/13, 11:09:52.870, 3546131522227, vstest.console.dll, ParallelProxyExecutionManager: Start execution. Total sources: 1
TpTrace Information: 0 : 11828, 1, 2021/10/13, 11:09:52.870, 3546131527207, vstest.console.dll, ProxyParallelExecutionManager: Triggering test run for next source: C:\Users\aitor\Downloads\RedArborAPI\RedArborAPI.Test\bin\Debug\net5.0\fine-code-coverage\build-output\RedArborAPI.Test.dll
TpTrace Verbose: 0 : 11828, 4, 2021/10/13, 11:09:52.871, 3546131528564, vstest.console.dll, ParallelProxyExecutionManager: Execution started. Started clients: 1
TpTrace Verbose: 0 : 11828, 1, 2021/10/13, 11:09:52.871, 3546131528831, vstest.console.dll, ProxyParallelExecutionManager: No sources available for execution.
TpTrace Information: 0 : 11828, 1, 2021/10/13, 11:09:52.871, 3546131529779, vstest.console.dll, TestRunRequest.ExecuteAsync: Started.
TpTrace Verbose: 0 : 11828, 1, 2021/10/13, 11:09:52.871, 3546131530486, vstest.console.dll, TestRunRequest.WaitForCompletion: Waiting with timeout -1.
TpTrace Verbose: 0 : 11828, 4, 2021/10/13, 11:09:52.871, 3546131530919, vstest.console.dll, TestRunRequest:SendTestRunMessage: Starting.
TpTrace Information: 0 : 11828, 4, 2021/10/13, 11:09:52.871, 3546131531990, vstest.console.dll, TestRunRequest:SendTestRunMessage: Completed.
TpTrace Verbose: 0 : 11828, 4, 2021/10/13, 11:09:52.871, 3546131533764, vstest.console.dll, ProxyExecutionManager: Test host is always Lazy initialize.
TpTrace Verbose: 0 : 11828, 4, 2021/10/13, 11:09:52.871, 3546131535850, vstest.console.dll, TestRequestSender.InitializeCommunication: initialize communication. 
TpTrace Information: 0 : 11828, 4, 2021/10/13, 11:09:52.872, 3546131540301, vstest.console.dll, SocketServer.Start: Listening on endpoint : 127.0.0.1:50615
TpTrace Verbose: 0 : 11828, 4, 2021/10/13, 11:09:52.872, 3546131546182, vstest.console.dll, DotnetTestHostmanager: Adding  --runtimeconfig "C:\Users\aitor\Downloads\RedArborAPI\RedArborAPI.Test\bin\Debug\net5.0\fine-code-coverage\build-output\RedArborAPI.Test.runtimeconfig.json" in args
TpTrace Verbose: 0 : 11828, 4, 2021/10/13, 11:09:52.873, 3546131547290, vstest.console.dll, DotnetTestHostmanager: Adding  --depsfile "C:\Users\aitor\Downloads\RedArborAPI\RedArborAPI.Test\bin\Debug\net5.0\fine-code-coverage\build-output\RedArborAPI.Test.deps.json" in args
TpTrace Verbose: 0 : 11828, 4, 2021/10/13, 11:09:52.873, 3546131549285, vstest.console.dll, DotnetTestHostManager: Testhost.exe/testhost.x86.exe found at path: C:\Users\aitor\Downloads\RedArborAPI\RedArborAPI.Test\bin\Debug\net5.0\fine-code-coverage\build-output\testhost.exe
TpTrace Verbose: 0 : 11828, 4, 2021/10/13, 11:09:52.873, 3546131549849, vstest.console.dll, DotnetTestHostmanager: Full path of host exe is C:\Users\aitor\Downloads\RedArborAPI\RedArborAPI.Test\bin\Debug\net5.0\fine-code-coverage\build-output\testhost.exe
TpTrace Verbose: 0 : 11828, 10, 2021/10/13, 11:09:52.874, 3546131557502, vstest.console.dll, DotnetTestHostManager: Starting process 'C:\Users\aitor\Downloads\RedArborAPI\RedArborAPI.Test\bin\Debug\net5.0\fine-code-coverage\build-output\testhost.exe' with command line ' --runtimeconfig "C:\Users\aitor\Downloads\RedArborAPI\RedArborAPI.Test\bin\Debug\net5.0\fine-code-coverage\build-output\RedArborAPI.Test.runtimeconfig.json" --depsfile "C:\Users\aitor\Downloads\RedArborAPI\RedArborAPI.Test\bin\Debug\net5.0\fine-code-coverage\build-output\RedArborAPI.Test.deps.json" --port 50615 --endpoint 127.0.0.1:050615 --role client --parentprocessid 11828 --diag "C:\Users\aitor\Downloads\RedArborAPI\RedArborAPI.Test\bin\Debug\net5.0\fine-code-coverage\coverage-tool-output\diagnostics.host.21-10-13_11-09-52_87257_4.log" --tracelevel 4 --datacollectionport 50614 --telemetryoptedin false'
TpTrace Verbose: 0 : 11828, 10, 2021/10/13, 11:09:52.881, 3546131630638, vstest.console.dll, Test Runtime launched
TpTrace Verbose: 0 : 11828, 4, 2021/10/13, 11:09:52.881, 3546131636238, vstest.console.dll, TestRequestSender.WaitForRequestHandlerConnection: waiting for connection with timeout: 90000
TpTrace Verbose: 0 : 11828, 10, 2021/10/13, 11:09:53.087, 3546133688903, vstest.console.dll, SocketServer.OnClientConnected: Client connected for endPoint: 127.0.0.1:50615, starting MessageLoopAsync:
TpTrace Verbose: 0 : 11828, 10, 2021/10/13, 11:09:53.087, 3546133690802, vstest.console.dll, TcpClientExtensions.MessageLoopAsync: Polling on remoteEndPoint: 127.0.0.1:50616 localEndPoint: 127.0.0.1:50615
TpTrace Verbose: 0 : 11828, 10, 2021/10/13, 11:09:53.204, 3546134857763, vstest.console.dll, TcpClientExtensions.MessageLoopAsync: NotifyDataAvailable remoteEndPoint: 127.0.0.1:50616 localEndPoint: 127.0.0.1:50615
TpTrace Verbose: 0 : 11828, 10, 2021/10/13, 11:09:53.204, 3546134859870, vstest.console.dll, TestRequestSender.CheckVersionWithTestHost: onMessageReceived received message: (ProtocolVersion) -> 5
TpTrace Verbose: 0 : 11828, 10, 2021/10/13, 11:09:53.204, 3546134862811, vstest.console.dll, TcpClientExtensions.MessageLoopAsync: Polling on remoteEndPoint: 127.0.0.1:50616 localEndPoint: 127.0.0.1:50615
TpTrace Verbose: 0 : 11828, 4, 2021/10/13, 11:09:53.204, 3546134863833, vstest.console.dll, TestPluginCache.GetExtensionPaths: Filtered extension paths: 
TpTrace Verbose: 0 : 11828, 4, 2021/10/13, 11:09:53.204, 3546134864521, vstest.console.dll, TestPluginCache.GetExtensionPaths: Added default extension paths: C:\Program Files\dotnet\sdk\5.0.400\Extensions\Microsoft.Diagnostics.NETCore.Client.dll
C:\Program Files\dotnet\sdk\5.0.400\Extensions\Microsoft.TestPlatform.Extensions.BlameDataCollector.dll
C:\Program Files\dotnet\sdk\5.0.400\Extensions\Microsoft.TestPlatform.Extensions.EventLogCollector.dll
C:\Program Files\dotnet\sdk\5.0.400\Extensions\Microsoft.TestPlatform.TestHostRuntimeProvider.dll
C:\Program Files\dotnet\sdk\5.0.400\Extensions\Microsoft.VisualStudio.TestPlatform.Extensions.Html.TestLogger.dll
C:\Program Files\dotnet\sdk\5.0.400\Extensions\Microsoft.VisualStudio.TestPlatform.Extensions.Trx.TestLogger.dll
TpTrace Verbose: 0 : 11828, 4, 2021/10/13, 11:09:53.204, 3546134864947, vstest.console.dll, TestPluginCache.GetExtensionPaths: Added unfilterableExtensionPaths: 
TpTrace Verbose: 0 : 11828, 4, 2021/10/13, 11:09:53.207, 3546134889537, vstest.console.dll, TestRequestSender.InitializeExecution: Sending initializing execution with message: {"Version":5,"MessageType":"TestExecution.Initialize","Payload":["C:\\Users\\aitor\\Downloads\\RedArborAPI\\RedArborAPI.Test\\bin\\Debug\\net5.0\\fine-code-coverage\\build-output\\NUnit3.TestAdapter.dll"]}
TpTrace Verbose: 0 : 11828, 4, 2021/10/13, 11:09:53.212, 3546134945072, vstest.console.dll, TestRequestSender.StartTestRun: Sending test run with message: {"Version":5,"MessageType":"TestExecution.StartWithSources","Payload":{"AdapterSourceMap":{"_none_":["C:\\Users\\aitor\\Downloads\\RedArborAPI\\RedArborAPI.Test\\bin\\Debug\\net5.0\\fine-code-coverage\\build-output\\RedArborAPI.Test.dll"]},"RunSettings":"<RunSettings>\r\n  <RunConfiguration>\r\n    <ResultsDirectory>C:\\Users\\aitor\\Downloads\\RedArborAPI\\RedArborAPI.Test\\bin\\Debug\\net5.0\\fine-code-coverage\\coverage-tool-output</ResultsDirectory>\r\n    <TargetPlatform>X64</TargetPlatform>\r\n    <TargetFrameworkVersion>.NETCoreApp,Version=v5.0</TargetFrameworkVersion>\r\n    <DesignMode>False</DesignMode>\r\n    <CollectSourceInformation>False</CollectSourceInformation>\r\n  </RunConfiguration>\r\n  <LoggerRunSettings>\r\n    <Loggers>\r\n      <Logger friendlyName=\"blame\" enabled=\"True\" />\r\n      <Logger friendlyName=\"Console\" uri=\"logger://microsoft/TestPlatform/ConsoleLogger/v1\" assemblyQualifiedName=\"Microsoft.VisualStudio.TestPlatform.CommandLine.Internal.ConsoleLogger, vstest.console, Version=15.0.0.0, Culture=neutral, PublicKeyToken=b03f5f7f11d50a3a\" codeBase=\"C:\\Program Files\\dotnet\\sdk\\5.0.400\\vstest.console.dll\" enabled=\"True\" />\r\n    </Loggers>\r\n  </LoggerRunSettings>\r\n  <DataCollectionRunSettings>\r\n    <DataCollectors>\r\n      <DataCollector friendlyName=\"blame\" enabled=\"True\">\r\n        <Configuration>\r\n          <ResultsDirectory>C:\\Users\\aitor\\Downloads\\RedArborAPI\\RedArborAPI.Test\\bin\\Debug\\net5.0\\fine-code-coverage\\coverage-tool-output</ResultsDirectory>\r\n        </Configuration>\r\n      </DataCollector>\r\n    </DataCollectors>\r\n  </DataCollectionRunSettings>\r\n</RunSettings>","TestExecutionContext":{"FrequencyOfRunStatsChangeEvent":10,"RunStatsChangeEventTimeout":"00:00:01.5000000","InIsolation":false,"KeepAlive":false,"AreTestCaseLevelEventsRequired":false,"IsDebug":false,"TestCaseFilter":null,"FilterOptions":null},"Package":null}}
TpTrace Verbose: 0 : 11828, 10, 2021/10/13, 11:09:53.214, 3546134960744, vstest.console.dll, TcpClientExtensions.MessageLoopAsync: NotifyDataAvailable remoteEndPoint: 127.0.0.1:50616 localEndPoint: 127.0.0.1:50615
TpTrace Verbose: 0 : 11828, 10, 2021/10/13, 11:09:53.214, 3546134961931, vstest.console.dll, TestRequestSender.OnExecutionMessageReceived: Received message: {"Version":5,"MessageType":"TestSession.Message","Payload":{"MessageLevel":0,"Message":"Registrando diagnstico de TestHost en el archivo: C:\\Users\\aitor\\Downloads\\RedArborAPI\\RedArborAPI.Test\\bin\\Debug\\net5.0\\fine-code-coverage\\coverage-tool-output\\diagnostics.host.21-10-13_11-09-52_87257_4.log"}}
TpTrace Verbose: 0 : 11828, 10, 2021/10/13, 11:09:53.215, 3546134976346, vstest.console.dll, TestRunRequest:SendTestRunMessage: Starting.
TpTrace Information: 0 : 11828, 10, 2021/10/13, 11:09:53.216, 3546134977286, vstest.console.dll, TestRunRequest:SendTestRunMessage: Completed.
TpTrace Verbose: 0 : 11828, 10, 2021/10/13, 11:09:53.216, 3546134977720, vstest.console.dll, TcpClientExtensions.MessageLoopAsync: Polling on remoteEndPoint: 127.0.0.1:50616 localEndPoint: 127.0.0.1:50615
TpTrace Verbose: 0 : 11828, 10, 2021/10/13, 11:09:53.337, 3546136187854, vstest.console.dll, TcpClientExtensions.MessageLoopAsync: NotifyDataAvailable remoteEndPoint: 127.0.0.1:50616 localEndPoint: 127.0.0.1:50615
TpTrace Verbose: 0 : 11828, 10, 2021/10/13, 11:09:53.337, 3546136189274, vstest.console.dll, TestRequestSender.OnExecutionMessageReceived: Received message: {"Version":5,"MessageType":"TestSession.Message","Payload":{"MessageLevel":0,"Message":"NUnit Adapter 4.0.0.0: Test execution started"}}
TpTrace Verbose: 0 : 11828, 10, 2021/10/13, 11:09:53.337, 3546136192023, vstest.console.dll, TestRunRequest:SendTestRunMessage: Starting.
TpTrace Information: 0 : 11828, 10, 2021/10/13, 11:09:53.337, 3546136193046, vstest.console.dll, TestRunRequest:SendTestRunMessage: Completed.
TpTrace Verbose: 0 : 11828, 10, 2021/10/13, 11:09:53.337, 3546136193675, vstest.console.dll, TcpClientExtensions.MessageLoopAsync: Polling on remoteEndPoint: 127.0.0.1:50616 localEndPoint: 127.0.0.1:50615
TpTrace Verbose: 0 : 11828, 10, 2021/10/13, 11:09:53.362, 3546136440886, vstest.console.dll, TcpClientExtensions.MessageLoopAsync: NotifyDataAvailable remoteEndPoint: 127.0.0.1:50616 localEndPoint: 127.0.0.1:50615
TpTrace Verbose: 0 : 11828, 10, 2021/10/13, 11:09:53.362, 3546136442015, vstest.console.dll, TestRequestSender.OnExecutionMessageReceived: Received message: {"Version":5,"MessageType":"TestSession.Message","Payload":{"MessageLevel":0,"Message":"Running all tests in C:\\Users\\aitor\\Downloads\\RedArborAPI\\RedArborAPI.Test\\bin\\Debug\\net5.0\\fine-code-coverage\\build-output\\RedArborAPI.Test.dll"}}
TpTrace Verbose: 0 : 11828, 10, 2021/10/13, 11:09:53.362, 3546136443568, vstest.console.dll, TestRunRequest:SendTestRunMessage: Starting.
TpTrace Information: 0 : 11828, 10, 2021/10/13, 11:09:53.362, 3546136444153, vstest.console.dll, TestRunRequest:SendTestRunMessage: Completed.
TpTrace Verbose: 0 : 11828, 10, 2021/10/13, 11:09:53.362, 3546136444601, vstest.console.dll, TcpClientExtensions.MessageLoopAsync: Polling on remoteEndPoint: 127.0.0.1:50616 localEndPoint: 127.0.0.1:50615
TpTrace Verbose: 0 : 11828, 10, 2021/10/13, 11:09:53.466, 3546137486741, vstest.console.dll, TcpClientExtensions.MessageLoopAsync: NotifyDataAvailable remoteEndPoint: 127.0.0.1:50616 localEndPoint: 127.0.0.1:50615
TpTrace Verbose: 0 : 11828, 10, 2021/10/13, 11:09:53.467, 3546137487868, vstest.console.dll, TestRequestSender.OnExecutionMessageReceived: Received message: {"Version":5,"MessageType":"TestSession.Message","Payload":{"MessageLevel":0,"Message":"   NUnit3TestExecutor discovered 6 of 6 NUnit test cases using Current Discovery mode, Non-Explicit run"}}
TpTrace Verbose: 0 : 11828, 10, 2021/10/13, 11:09:53.467, 3546137489648, vstest.console.dll, TestRunRequest:SendTestRunMessage: Starting.
TpTrace Information: 0 : 11828, 10, 2021/10/13, 11:09:53.467, 3546137490254, vstest.console.dll, TestRunRequest:SendTestRunMessage: Completed.
TpTrace Verbose: 0 : 11828, 10, 2021/10/13, 11:09:53.467, 3546137490664, vstest.console.dll, TcpClientExtensions.MessageLoopAsync: Polling on remoteEndPoint: 127.0.0.1:50616 localEndPoint: 127.0.0.1:50615
TpTrace Verbose: 0 : 11828, 10, 2021/10/13, 11:09:53.645, 3546139271983, vstest.console.dll, TcpClientExtensions.MessageLoopAsync: NotifyDataAvailable remoteEndPoint: 127.0.0.1:50616 localEndPoint: 127.0.0.1:50615
TpTrace Verbose: 0 : 11828, 10, 2021/10/13, 11:09:53.645, 3546139273225, vstest.console.dll, TestRequestSender.OnExecutionMessageReceived: Received message: {"Version":5,"MessageType":"TestSession.Message","Payload":{"MessageLevel":0,"Message":"NUnit Adapter 4.0.0.0: Test execution complete"}}
TpTrace Verbose: 0 : 11828, 10, 2021/10/13, 11:09:53.645, 3546139275072, vstest.console.dll, TestRunRequest:SendTestRunMessage: Starting.
TpTrace Information: 0 : 11828, 10, 2021/10/13, 11:09:53.645, 3546139275797, vstest.console.dll, TestRunRequest:SendTestRunMessage: Completed.
TpTrace Verbose: 0 : 11828, 10, 2021/10/13, 11:09:53.645, 3546139276210, vstest.console.dll, TcpClientExtensions.MessageLoopAsync: Polling on remoteEndPoint: 127.0.0.1:50616 localEndPoint: 127.0.0.1:50615
TpTrace Verbose: 0 : 11828, 10, 2021/10/13, 11:09:53.678, 3546139597596, vstest.console.dll, TcpClientExtensions.MessageLoopAsync: NotifyDataAvailable remoteEndPoint: 127.0.0.1:50616 localEndPoint: 127.0.0.1:50615
TpTrace Verbose: 0 : 11828, 10, 2021/10/13, 11:09:53.678, 3546139600102, vstest.console.dll, TestRequestSender.OnExecutionMessageReceived: Received message: {"Version":5,"MessageType":"TestExecution.Completed","Payload":{"TestRunCompleteArgs":{"TestRunStatistics":{"ExecutedTests":6,"Stats":{"Passed":6}},"IsCanceled":false,"IsAborted":false,"Error":null,"AttachmentSets":[],"ElapsedTimeInRunningTests":"00:00:00.3247940","Metrics":{}},"LastRunTests":{"NewTestResults":[{"TestCase":{"Id":"ad9331b6-afc9-62c8-2d68-62a53ac019eb","FullyQualifiedName":"RedArborAPI.Test.Integration_Tests.ResArborAPIIntegration.AddEmployee_Test","DisplayName":"AddEmployee_Test","ExecutorUri":"executor://NUnit3TestExecutor","Source":"C:\\Users\\aitor\\Downloads\\RedArborAPI\\RedArborAPI.Test\\bin\\Debug\\net5.0\\fine-code-coverage\\build-output\\RedArborAPI.Test.dll","CodeFilePath":null,"LineNumber":0,"Properties":[{"Key":{"Id":"NUnit.Seed","Label":"Seed","Category":"","Description":"","Attributes":0,"ValueType":"System.String"},"Value":"1541372051"}]},"Attachments":[],"Outcome":1,"ErrorMessage":null,"ErrorStackTrace":null,"DisplayName":"AddEmployee_Test","Messages":[],"ComputerName":"DESKTOP-L1JPBBO","Duration":"00:00:00.0040029","StartTime":"2021-10-13T09:09:53.4905857+00:00","EndTime":"2021-10-13T09:09:53.4945121+00:00","Properties":[{"Key":{"Id":"NUnit.Seed","Label":"Seed","Category":"","Description":"","Attributes":0,"ValueType":"System.String"},"Value":"1541372051"}]},{"TestCase":{"Id":"40afd778-aa4d-ba19-9281-1846e05c93e7","FullyQualifiedName":"RedArborAPI.UnitTests.Test.RedArborTest.AddEmployeeEntity","DisplayName":"AddEmployeeEntity","ExecutorUri":"executor://NUnit3TestExecutor","Source":"C:\\Users\\aitor\\Downloads\\RedArborAPI\\RedArborAPI.Test\\bin\\Debug\\net5.0\\fine-code-coverage\\build-output\\RedArborAPI.Test.dll","CodeFilePath":null,"LineNumber":0,"Properties":[{"Key":{"Id":"NUnit.Seed","Label":"Seed","Category":"","Description":"","Attributes":0,"ValueType":"System.String"},"Value":"347023197"}]},"Attachments":[],"Outcome":1,"ErrorMessage":null,"ErrorStackTrace":null,"DisplayName":"AddEmployeeEntity","Messages":[],"ComputerName":"DESKTOP-L1JPBBO","Duration":"00:00:00.1151470","StartTime":"2021-10-13T09:09:53.4979453+00:00","EndTime":"2021-10-13T09:09:53.6130911+00:00","Properties":[{"Key":{"Id":"NUnit.Seed","Label":"Seed","Category":"","Description":"","Attributes":0,"ValueType":"System.String"},"Value":"347023197"}]},{"TestCase":{"Id":"9e7a74ac-fb1d-f1c0-65ad-d65d501bfbd1","FullyQualifiedName":"RedArborAPI.UnitTests.Test.RedArborTest.DeleteEmployeeEntity","DisplayName":"DeleteEmployeeEntity","ExecutorUri":"executor://NUnit3TestExecutor","Source":"C:\\Users\\aitor\\Downloads\\RedArborAPI\\RedArborAPI.Test\\bin\\Debug\\net5.0\\fine-code-coverage\\build-output\\RedArborAPI.Test.dll","CodeFilePath":null,"LineNumber":0,"Properties":[{"Key":{"Id":"NUnit.Seed","Label":"Seed","Category":"","Description":"","Attributes":0,"ValueType":"System.String"},"Value":"306672234"}]},"Attachments":[],"Outcome":1,"ErrorMessage":null,"ErrorStackTrace":null,"DisplayName":"DeleteEmployeeEntity","Messages":[],"ComputerName":"DESKTOP-L1JPBBO","Duration":"00:00:00.0045970","StartTime":"2021-10-13T09:09:53.6131311+00:00","EndTime":"2021-10-13T09:09:53.6177277+00:00","Properties":[{"Key":{"Id":"NUnit.Seed","Label":"Seed","Category":"","Description":"","Attributes":0,"ValueType":"System.String"},"Value":"306672234"}]},{"TestCase":{"Id":"0a65ae99-8f8c-c792-a57b-3a20fdd85ee7","FullyQualifiedName":"RedArborAPI.UnitTests.Test.RedArborTest.GetAllEmployees","DisplayName":"GetAllEmployees","ExecutorUri":"executor://NUnit3TestExecutor","Source":"C:\\Users\\aitor\\Downloads\\RedArborAPI\\RedArborAPI.Test\\bin\\Debug\\net5.0\\fine-code-coverage\\build-output\\RedArborAPI.Test.dll","CodeFilePath":null,"LineNumber":0,"Properties":[{"Key":{"Id":"NUnit.Seed","Label":"Seed","Category":"","Description":"","Attributes":0,"ValueType":"System.String"},"Value":"2067599247"}]},"Attachments":[],"Outcome":1,"ErrorMessage":null,"ErrorStackTrace":null,"DisplayName":"GetAllEmployees","Messages":[],"ComputerName":"DESKTOP-L1JPBBO","Duration":"00:00:00.0171890","StartTime":"2021-10-13T09:09:53.6177461+00:00","EndTime":"2021-10-13T09:09:53.6349343+00:00","Properties":[{"Key":{"Id":"NUnit.Seed","Label":"Seed","Category":"","Description":"","Attributes":0,"ValueType":"System.String"},"Value":"2067599247"}]},{"TestCase":{"Id":"c4e88bf3-a14a-3b9a-cdb8-abfd550dbd69","FullyQualifiedName":"RedArborAPI.UnitTests.Test.RedArborTest.GetEmployeeEntityById","DisplayName":"GetEmployeeEntityById","ExecutorUri":"executor://NUnit3TestExecutor","Source":"C:\\Users\\aitor\\Downloads\\RedArborAPI\\RedArborAPI.Test\\bin\\Debug\\net5.0\\fine-code-coverage\\build-output\\RedArborAPI.Test.dll","CodeFilePath":null,"LineNumber":0,"Properties":[{"Key":{"Id":"NUnit.Seed","Label":"Seed","Category":"","Description":"","Attributes":0,"ValueType":"System.String"},"Value":"1571911229"}]},"Attachments":[],"Outcome":1,"ErrorMessage":null,"ErrorStackTrace":null,"DisplayName":"GetEmployeeEntityById","Messages":[],"ComputerName":"DESKTOP-L1JPBBO","Duration":"00:00:00.0041870","StartTime":"2021-10-13T09:09:53.6349599+00:00","EndTime":"2021-10-13T09:09:53.6391466+00:00","Properties":[{"Key":{"Id":"NUnit.Seed","Label":"Seed","Category":"","Description":"","Attributes":0,"ValueType":"System.String"},"Value":"1571911229"}]},{"TestCase":{"Id":"811993cf-93b7-1859-a7a5-b14b55cb580a","FullyQualifiedName":"RedArborAPI.UnitTests.Test.RedArborTest.UpdateEmployeeEntity","DisplayName":"UpdateEmployeeEntity","ExecutorUri":"executor://NUnit3TestExecutor","Source":"C:\\Users\\aitor\\Downloads\\RedArborAPI\\RedArborAPI.Test\\bin\\Debug\\net5.0\\fine-code-coverage\\build-output\\RedArborAPI.Test.dll","CodeFilePath":null,"LineNumber":0,"Properties":[{"Key":{"Id":"NUnit.Seed","Label":"Seed","Category":"","Description":"","Attributes":0,"ValueType":"System.String"},"Value":"1605017078"}]},"Attachments":[],"Outcome":1,"ErrorMessage":null,"ErrorStackTrace":null,"DisplayName":"UpdateEmployeeEntity","Messages":[],"ComputerName":"DESKTOP-L1JPBBO","Duration":"00:00:00.0024120","StartTime":"2021-10-13T09:09:53.6391681+00:00","EndTime":"2021-10-13T09:09:53.6415797+00:00","Properties":[{"Key":{"Id":"NUnit.Seed","Label":"Seed","Category":"","Description":"","Attributes":0,"ValueType":"System.String"},"Value":"1605017078"}]}],"TestRunStatistics":{"ExecutedTests":6,"Stats":{"Passed":6}},"ActiveTests":[]},"RunAttachments":[],"ExecutorUris":["executor://nunit3testexecutor/"]}}
TpTrace Verbose: 0 : 11828, 10, 2021/10/13, 11:09:53.678, 3546139606382, vstest.console.dll, TestRequestSender.EndSession: Sending end session.
TpTrace Verbose: 0 : 11828, 10, 2021/10/13, 11:09:53.679, 3546139607772, vstest.console.dll, ProxyOperationManager.Close: waiting for test host to exit for 100 ms
TpTrace Warning: 0 : 11828, 6, 2021/10/13, 11:09:53.690, 3546139720047, vstest.console.dll, TestHostManagerCallbacks.ErrorReceivedCallback Test host standard error line: 
TpTrace Verbose: 0 : 11828, 7, 2021/10/13, 11:09:53.694, 3546139765931, vstest.console.dll, TestHostProvider.ExitCallBack: Host exited starting callback.
TpTrace Information: 0 : 11828, 7, 2021/10/13, 11:09:53.695, 3546139770004, vstest.console.dll, TestHostManagerCallbacks.ExitCallBack: Testhost processId: 10448 exited with exitcode: 0 error: ''
TpTrace Verbose: 0 : 11828, 7, 2021/10/13, 11:09:53.695, 3546139770648, vstest.console.dll, DotnetTestHostManager.OnHostExited: invoking OnHostExited callback
TpTrace Verbose: 0 : 11828, 7, 2021/10/13, 11:09:53.695, 3546139771197, vstest.console.dll, CrossPlatEngine.TestHostManagerHostExited: calling on client process exit callback.
TpTrace Information: 0 : 11828, 7, 2021/10/13, 11:09:53.695, 3546139771760, vstest.console.dll, TestRequestSender.OnClientProcessExit: Test host process exited. Standard error: 
TpTrace Warning: 0 : 11828, 10, 2021/10/13, 11:09:53.695, 3546139772142, vstest.console.dll, ProxyOperationManager: Timed out waiting for test host to exit. Will terminate process.
TpTrace Information: 0 : 11828, 7, 2021/10/13, 11:09:53.695, 3546139772219, vstest.console.dll, SocketServer.Stop: Stop server endPoint: 127.0.0.1:50615
TpTrace Information: 0 : 11828, 7, 2021/10/13, 11:09:53.695, 3546139773524, vstest.console.dll, SocketServer.Stop: Cancellation requested. Stopping message loop.
TpTrace Verbose: 0 : 11828, 10, 2021/10/13, 11:09:53.726, 3546140080700, vstest.console.dll, ProxyDataCollectionManager.InvokeDataCollectionServiceAction: Starting.
TpTrace Information: 0 : 11828, 10, 2021/10/13, 11:09:53.726, 3546140081695, vstest.console.dll, ProxyDataCollectionManager.AfterTestRunEnd: Get attachment set for datacollector processId: 17504 port: 50611
TpTrace Verbose: 0 : 11828, 10, 2021/10/13, 11:09:53.726, 3546140082302, vstest.console.dll, DataCollectionRequestSender.SendAfterTestRunStartAndGetResult : Send AfterTestRunEnd message with isCancelled: False
TpTrace Verbose: 0 : 11828, 10, 2021/10/13, 11:09:53.729, 3546140113411, vstest.console.dll, DataCollectionRequestSender.SendAfterTestRunStartAndGetResult : Received message: (DataCollection.AfterTestRunEndResult) -> {
  "AttachmentSets": [],
  "Metrics": {}
}
TpTrace Information: 0 : 11828, 10, 2021/10/13, 11:09:53.732, 3546140139150, vstest.console.dll, ProxyDataCollectionManager.InvokeDataCollectionServiceAction: Completed.
TpTrace Warning: 0 : 11828, 9, 2021/10/13, 11:09:53.733, 3546140154620, vstest.console.dll, DataCollectionLauncher.ErrorReceivedCallback datacollector standard error line: 
TpTrace Information: 0 : 11828, 7, 2021/10/13, 11:09:53.737, 3546140196299, vstest.console.dll, DataCollectionLauncher.ExitCallBack: Data collector exited with exitcode: 0 error: ''
TpTrace Verbose: 0 : 11828, 10, 2021/10/13, 11:09:53.771, 3546140530639, vstest.console.dll, TestRunRequest:SendTestRunStatsChange: Starting.
TpTrace Information: 0 : 11828, 10, 2021/10/13, 11:09:53.771, 3546140532657, vstest.console.dll, TestRunRequest:SendTestRunStatsChange: Completed.
TpTrace Verbose: 0 : 11828, 10, 2021/10/13, 11:09:53.771, 3546140534039, vstest.console.dll, ParallelProxyExecutionManager: HandlePartialRunComplete: Total completed clients = 1, Run complete = True, Run canceled: False.
TpTrace Verbose: 0 : 11828, 10, 2021/10/13, 11:09:53.789, 3546140711088, vstest.console.dll, TestRunRequest:TestRunComplete: Starting. IsAborted:False IsCanceled:False.
TpTrace Verbose: 0 : 11828, 10, 2021/10/13, 11:09:53.789, 3546140712742, vstest.console.dll, TestLoggerManager.HandleTestRunComplete: Ignoring as the object is disposed.
TpTrace Information: 0 : 11828, 10, 2021/10/13, 11:09:53.789, 3546140715030, vstest.console.dll, TestRunRequest:TestRunComplete: Completed.
TpTrace Verbose: 0 : 11828, 1, 2021/10/13, 11:09:53.789, 3546140715611, vstest.console.dll, TestRunRequest.Dispose: Starting.
TpTrace Verbose: 0 : 11828, 10, 2021/10/13, 11:09:53.789, 3546140715642, vstest.console.dll, TestRequestSender.SetOperationComplete: Setting operation complete.
TpTrace Information: 0 : 11828, 10, 2021/10/13, 11:09:53.789, 3546140716857, vstest.console.dll, SocketServer.Stop: Stop server endPoint: 127.0.0.1:50615
TpTrace Information: 0 : 11828, 1, 2021/10/13, 11:09:53.789, 3546140716334, vstest.console.dll, TestRunRequest.Dispose: Completed.
TpTrace Information: 0 : 11828, 10, 2021/10/13, 11:09:53.789, 3546140717257, vstest.console.dll, SocketServer.Stop: Cancellation requested. Stopping message loop.
TpTrace Information: 0 : 11828, 10, 2021/10/13, 11:09:53.790, 3546140718571, vstest.console.dll, SocketServer.PrivateStop: Stop server endPoint: 127.0.0.1:50615 error: 
TpTrace Information: 0 : 11828, 1, 2021/10/13, 11:09:53.790, 3546140717998, vstest.console.dll, TestRequestManager.RunTests: run tests completed.
TpTrace Information: 0 : 11828, 1, 2021/10/13, 11:09:53.790, 3546140720095, vstest.console.dll, RunTestsArgumentProcessor:Execute: Test run is completed.
TpTrace Verbose: 0 : 11828, 1, 2021/10/13, 11:09:53.790, 3546140721523, vstest.console.dll, Executor.Execute: Exiting with exit code of 0
TpTrace Verbose: 0 : 11828, 10, 2021/10/13, 11:09:53.790, 3546140722878, vstest.console.dll, LengthPrefixCommunicationChannel.Dispose: Dispose reader and writer.
TpTrace Information: 0 : 11828, 10, 2021/10/13, 11:09:53.790, 3546140723614, vstest.console.dll, SocketServer.Stop: Raise disconnected event endPoint: 127.0.0.1:50615 error: 
TpTrace Verbose: 0 : 11828, 10, 2021/10/13, 11:09:53.790, 3546140724595, vstest.console.dll, TestRequestSender: OnTestRunAbort: Operation is already complete. Skip error message.
TpTrace Verbose: 0 : 11828, 10, 2021/10/13, 11:09:53.790, 3546140725045, vstest.console.dll, TcpClientExtensions.MessageLoopAsync: exiting MessageLoopAsync remoteEndPoint: 127.0.0.1:50616 localEndPoint: 127.0.0.1:50615
