TpTrace Verbose: 0 : 21032, 1, 2021/10/12, 12:36:17.179, 2733902870572, vstest.console.dll, Version: 16.11.0-release-20210626-04
TpTrace Information: 0 : 21032, 1, 2021/10/12, 12:36:17.189, 2733902949610, vstest.console.dll, FilePatternParser: The given file C:\Users\aitor\Downloads\RedArborAPI\RedArborAPI.Test\bin\Release\net5.0\fine-code-coverage\build-output\RedArborAPI.Test.dll is a full path.
TpTrace Verbose: 0 : 21032, 1, 2021/10/12, 12:36:17.200, 2733903053148, vstest.console.dll, TestPluginCache.DiscoverTestExtensions: finding test extensions in assemblies ends with: RuntimeProvider.dll TPluginInfo: Microsoft.VisualStudio.TestPlatform.Common.ExtensionFramework.Utilities.TestRuntimePluginInformation TExtension: Microsoft.VisualStudio.TestPlatform.ObjectModel.Host.ITestRuntimeProvider
TpTrace Verbose: 0 : 21032, 1, 2021/10/12, 12:36:17.200, 2733903056672, vstest.console.dll, TestPluginCache.GetExtensionPaths: Filtered extension paths: 
TpTrace Verbose: 0 : 21032, 1, 2021/10/12, 12:36:17.200, 2733903057775, vstest.console.dll, TestPluginCache.GetExtensionPaths: Added default extension paths: C:\Program Files\dotnet\sdk\5.0.400\Extensions\Microsoft.Diagnostics.NETCore.Client.dll
C:\Program Files\dotnet\sdk\5.0.400\Extensions\Microsoft.TestPlatform.Extensions.BlameDataCollector.dll
C:\Program Files\dotnet\sdk\5.0.400\Extensions\Microsoft.TestPlatform.Extensions.EventLogCollector.dll
C:\Program Files\dotnet\sdk\5.0.400\Extensions\Microsoft.TestPlatform.TestHostRuntimeProvider.dll
C:\Program Files\dotnet\sdk\5.0.400\Extensions\Microsoft.VisualStudio.TestPlatform.Extensions.Html.TestLogger.dll
C:\Program Files\dotnet\sdk\5.0.400\Extensions\Microsoft.VisualStudio.TestPlatform.Extensions.Trx.TestLogger.dll
TpTrace Verbose: 0 : 21032, 1, 2021/10/12, 12:36:17.200, 2733903058292, vstest.console.dll, TestPluginCache.GetExtensionPaths: Added unfilterableExtensionPaths: 
TpTrace Information: 0 : 21032, 1, 2021/10/12, 12:36:17.201, 2733903064938, vstest.console.dll, AssemblyResolver.ctor: Creating AssemblyResolver with searchDirectories C:\Program Files\dotnet\sdk\5.0.400\Extensions,C:\Program Files\dotnet\sdk\5.0.400
TpTrace Verbose: 0 : 21032, 1, 2021/10/12, 12:36:17.202, 2733903074019, vstest.console.dll, TestPluginCache.DiscoverTestExtensions: Discovering the extensions using extension path.
TpTrace Verbose: 0 : 21032, 1, 2021/10/12, 12:36:17.202, 2733903075344, vstest.console.dll, TestPluginCache.GetExtensionPaths: Filtered extension paths: 
TpTrace Verbose: 0 : 21032, 1, 2021/10/12, 12:36:17.202, 2733903075942, vstest.console.dll, TestPluginCache.GetExtensionPaths: Added default extension paths: C:\Program Files\dotnet\sdk\5.0.400\Extensions\Microsoft.Diagnostics.NETCore.Client.dll
C:\Program Files\dotnet\sdk\5.0.400\Extensions\Microsoft.TestPlatform.Extensions.BlameDataCollector.dll
C:\Program Files\dotnet\sdk\5.0.400\Extensions\Microsoft.TestPlatform.Extensions.EventLogCollector.dll
C:\Program Files\dotnet\sdk\5.0.400\Extensions\Microsoft.TestPlatform.TestHostRuntimeProvider.dll
C:\Program Files\dotnet\sdk\5.0.400\Extensions\Microsoft.VisualStudio.TestPlatform.Extensions.Html.TestLogger.dll
C:\Program Files\dotnet\sdk\5.0.400\Extensions\Microsoft.VisualStudio.TestPlatform.Extensions.Trx.TestLogger.dll
TpTrace Verbose: 0 : 21032, 1, 2021/10/12, 12:36:17.202, 2733903076399, vstest.console.dll, TestPluginCache.GetExtensionPaths: Added unfilterableExtensionPaths: 
TpTrace Verbose: 0 : 21032, 1, 2021/10/12, 12:36:17.202, 2733903077158, vstest.console.dll, TestPluginCache.DiscoverTestExtensions: Discovering the extensions using allExtensionPaths: C:\Program Files\dotnet\sdk\5.0.400\Extensions\Microsoft.Diagnostics.NETCore.Client.dll
C:\Program Files\dotnet\sdk\5.0.400\Extensions\Microsoft.TestPlatform.Extensions.BlameDataCollector.dll
C:\Program Files\dotnet\sdk\5.0.400\Extensions\Microsoft.TestPlatform.Extensions.EventLogCollector.dll
C:\Program Files\dotnet\sdk\5.0.400\Extensions\Microsoft.TestPlatform.TestHostRuntimeProvider.dll
C:\Program Files\dotnet\sdk\5.0.400\Extensions\Microsoft.VisualStudio.TestPlatform.Extensions.Html.TestLogger.dll
C:\Program Files\dotnet\sdk\5.0.400\Extensions\Microsoft.VisualStudio.TestPlatform.Extensions.Trx.TestLogger.dll
TpTrace Information: 0 : 21032, 1, 2021/10/12, 12:36:17.202, 2733903078719, vstest.console.dll, AssemblyResolver.AddSearchDirectories: Adding more searchDirectories C:\Program Files\dotnet\sdk\5.0.400\Extensions,C:\Program Files\dotnet\sdk\5.0.400
TpTrace Information: 0 : 21032, 1, 2021/10/12, 12:36:17.202, 2733903079532, vstest.console.dll, AssemblyResolver.AddSearchDirectories: Adding more searchDirectories C:\Program Files\dotnet\sdk\5.0.400\Extensions,C:\Program Files\dotnet\sdk\5.0.400
TpTrace Information: 0 : 21032, 1, 2021/10/12, 12:36:17.202, 2733903080077, vstest.console.dll, AssemblyResolver.AddSearchDirectories: Adding more searchDirectories C:\Program Files\dotnet\sdk\5.0.400\Extensions,C:\Program Files\dotnet\sdk\5.0.400
TpTrace Information: 0 : 21032, 1, 2021/10/12, 12:36:17.203, 2733903080520, vstest.console.dll, AssemblyResolver.AddSearchDirectories: Adding more searchDirectories C:\Program Files\dotnet\sdk\5.0.400\Extensions,C:\Program Files\dotnet\sdk\5.0.400
TpTrace Information: 0 : 21032, 1, 2021/10/12, 12:36:17.203, 2733903080996, vstest.console.dll, AssemblyResolver.AddSearchDirectories: Adding more searchDirectories C:\Program Files\dotnet\sdk\5.0.400\Extensions,C:\Program Files\dotnet\sdk\5.0.400
TpTrace Information: 0 : 21032, 1, 2021/10/12, 12:36:17.203, 2733903081441, vstest.console.dll, AssemblyResolver.AddSearchDirectories: Adding more searchDirectories C:\Program Files\dotnet\sdk\5.0.400\Extensions,C:\Program Files\dotnet\sdk\5.0.400
TpTrace Information: 0 : 21032, 1, 2021/10/12, 12:36:17.203, 2733903084691, vstest.console.dll, AssemblyResolver.OnResolve: Microsoft.Diagnostics.NETCore.Client: Resolving assembly.
TpTrace Information: 0 : 21032, 1, 2021/10/12, 12:36:17.203, 2733903085471, vstest.console.dll, AssemblyResolver.OnResolve: Microsoft.Diagnostics.NETCore.Client: Searching in: 'C:\Program Files\dotnet\sdk\5.0.400\Extensions'.
TpTrace Information: 0 : 21032, 1, 2021/10/12, 12:36:17.204, 2733903099020, vstest.console.dll, AssemblyResolver.OnResolve: Microsoft.Diagnostics.NETCore.Client: Loading assembly 'C:\Program Files\dotnet\sdk\5.0.400\Extensions\Microsoft.Diagnostics.NETCore.Client.dll'.
TpTrace Information: 0 : 21032, 1, 2021/10/12, 12:36:17.205, 2733903109887, vstest.console.dll, AssemblyResolver.OnResolve: Resolved assembly: Microsoft.Diagnostics.NETCore.Client, from path: C:\Program Files\dotnet\sdk\5.0.400\Extensions\Microsoft.Diagnostics.NETCore.Client.dll
TpTrace Information: 0 : 21032, 1, 2021/10/12, 12:36:17.208, 2733903135716, vstest.console.dll, AssemblyResolver.OnResolve: Microsoft.Bcl.AsyncInterfaces: Resolving assembly.
TpTrace Information: 0 : 21032, 1, 2021/10/12, 12:36:17.208, 2733903136604, vstest.console.dll, AssemblyResolver.OnResolve: Microsoft.Bcl.AsyncInterfaces: Searching in: 'C:\Program Files\dotnet\sdk\5.0.400\Extensions'.
TpTrace Information: 0 : 21032, 1, 2021/10/12, 12:36:17.208, 2733903137607, vstest.console.dll, AssemblyResolver.OnResolve: Microsoft.Bcl.AsyncInterfaces: Assembly path does not exist: 'C:\Program Files\dotnet\sdk\5.0.400\Extensions\Microsoft.Bcl.AsyncInterfaces.dll', returning.
TpTrace Information: 0 : 21032, 1, 2021/10/12, 12:36:17.208, 2733903138453, vstest.console.dll, AssemblyResolver.OnResolve: Microsoft.Bcl.AsyncInterfaces: Assembly path does not exist: 'C:\Program Files\dotnet\sdk\5.0.400\Extensions\Microsoft.Bcl.AsyncInterfaces.exe', returning.
TpTrace Information: 0 : 21032, 1, 2021/10/12, 12:36:17.208, 2733903138994, vstest.console.dll, AssemblyResolver.OnResolve: Microsoft.Bcl.AsyncInterfaces: Searching in: 'C:\Program Files\dotnet\sdk\5.0.400'.
TpTrace Information: 0 : 21032, 1, 2021/10/12, 12:36:17.208, 2733903139793, vstest.console.dll, AssemblyResolver.OnResolve: Microsoft.Bcl.AsyncInterfaces: Assembly path does not exist: 'C:\Program Files\dotnet\sdk\5.0.400\Microsoft.Bcl.AsyncInterfaces.dll', returning.
TpTrace Information: 0 : 21032, 1, 2021/10/12, 12:36:17.209, 2733903140559, vstest.console.dll, AssemblyResolver.OnResolve: Microsoft.Bcl.AsyncInterfaces: Assembly path does not exist: 'C:\Program Files\dotnet\sdk\5.0.400\Microsoft.Bcl.AsyncInterfaces.exe', returning.
TpTrace Information: 0 : 21032, 1, 2021/10/12, 12:36:17.209, 2733903141344, vstest.console.dll, AssemblyResolver.OnResolve: Microsoft.Bcl.AsyncInterfaces: Failed to load assembly.
TpTrace Verbose: 0 : 21032, 1, 2021/10/12, 12:36:17.209, 2733903141912, vstest.console.dll, CurrentDomainAssemblyResolve: Resolving assembly 'Microsoft.Bcl.AsyncInterfaces'.
TpTrace Information: 0 : 21032, 1, 2021/10/12, 12:36:17.209, 2733903142689, vstest.console.dll, AssemblyResolver.OnResolve: Microsoft.Bcl.AsyncInterfaces: Resolving assembly.
TpTrace Information: 0 : 21032, 1, 2021/10/12, 12:36:17.209, 2733903143191, vstest.console.dll, AssemblyResolver.OnResolve: Microsoft.Bcl.AsyncInterfaces: Resolved from cache.
TpTrace Verbose: 0 : 21032, 1, 2021/10/12, 12:36:17.209, 2733903143628, vstest.console.dll, CurrentDomainAssemblyResolve: Resolving assembly 'Microsoft.Bcl.AsyncInterfaces'.
TpTrace Verbose: 0 : 21032, 1, 2021/10/12, 12:36:17.209, 2733903144118, vstest.console.dll, CurrentDomainAssemblyResolve: Failed to resolve assembly 'Microsoft.Bcl.AsyncInterfaces'.
TpTrace Verbose: 0 : 21032, 1, 2021/10/12, 12:36:17.210, 2733903151265, vstest.console.dll, CurrentDomainAssemblyResolve: Failed to resolve assembly 'Microsoft.Bcl.AsyncInterfaces'.
TpTrace Warning: 0 : 21032, 1, 2021/10/12, 12:36:17.240, 2733903457859, vstest.console.dll, TestPluginDiscoverer: Failed to get types from assembly 'Microsoft.Diagnostics.NETCore.Client, Version=0.2.2.41902, Culture=neutral, PublicKeyToken=31bf3856ad364e35'.  Skipping test extension scan for this assembly.  Error: System.Reflection.ReflectionTypeLoadException: Unable to load one or more of the requested types.
Could not load file or assembly 'Microsoft.Bcl.AsyncInterfaces, Version=1.0.0.0, Culture=neutral, PublicKeyToken=cc7b13ffcd2ddd51'. El sistema no puede encontrar el archivo especificado.
   at System.Reflection.RuntimeModule.GetTypes(RuntimeModule module)
   at System.Reflection.RuntimeModule.GetTypes()
   at System.Reflection.Assembly.GetTypes()
   at Microsoft.VisualStudio.TestPlatform.Common.ExtensionFramework.TestPluginDiscoverer.GetTestExtensionsFromAssembly[TPluginInfo,TExtension](Assembly assembly, Dictionary`2 pluginInfos)
System.IO.FileNotFoundException: Could not load file or assembly 'Microsoft.Bcl.AsyncInterfaces, Version=1.0.0.0, Culture=neutral, PublicKeyToken=cc7b13ffcd2ddd51'. El sistema no puede encontrar el archivo especificado.
File name: 'Microsoft.Bcl.AsyncInterfaces, Version=1.0.0.0, Culture=neutral, PublicKeyToken=cc7b13ffcd2ddd51'
TpTrace Warning: 0 : 21032, 1, 2021/10/12, 12:36:17.240, 2733903459070, vstest.console.dll, LoaderExceptions: System.IO.FileNotFoundException: Could not load file or assembly 'Microsoft.Bcl.AsyncInterfaces, Version=1.0.0.0, Culture=neutral, PublicKeyToken=cc7b13ffcd2ddd51'. El sistema no puede encontrar el archivo especificado.
File name: 'Microsoft.Bcl.AsyncInterfaces, Version=1.0.0.0, Culture=neutral, PublicKeyToken=cc7b13ffcd2ddd51'
TpTrace Information: 0 : 21032, 1, 2021/10/12, 12:36:17.240, 2733903460239, vstest.console.dll, AssemblyResolver.OnResolve: Microsoft.TestPlatform.Extensions.BlameDataCollector: Resolving assembly.
TpTrace Information: 0 : 21032, 1, 2021/10/12, 12:36:17.241, 2733903460763, vstest.console.dll, AssemblyResolver.OnResolve: Microsoft.TestPlatform.Extensions.BlameDataCollector: Searching in: 'C:\Program Files\dotnet\sdk\5.0.400\Extensions'.
TpTrace Information: 0 : 21032, 1, 2021/10/12, 12:36:17.242, 2733903472304, vstest.console.dll, AssemblyResolver.OnResolve: Microsoft.TestPlatform.Extensions.BlameDataCollector: Loading assembly 'C:\Program Files\dotnet\sdk\5.0.400\Extensions\Microsoft.TestPlatform.Extensions.BlameDataCollector.dll'.
TpTrace Information: 0 : 21032, 1, 2021/10/12, 12:36:17.243, 2733903481860, vstest.console.dll, AssemblyResolver.OnResolve: Resolved assembly: Microsoft.TestPlatform.Extensions.BlameDataCollector, from path: C:\Program Files\dotnet\sdk\5.0.400\Extensions\Microsoft.TestPlatform.Extensions.BlameDataCollector.dll
TpTrace Information: 0 : 21032, 1, 2021/10/12, 12:36:17.243, 2733903490115, vstest.console.dll, AssemblyResolver.OnResolve: Microsoft.TestPlatform.Extensions.EventLogCollector: Resolving assembly.
TpTrace Information: 0 : 21032, 1, 2021/10/12, 12:36:17.244, 2733903490880, vstest.console.dll, AssemblyResolver.OnResolve: Microsoft.TestPlatform.Extensions.EventLogCollector: Searching in: 'C:\Program Files\dotnet\sdk\5.0.400\Extensions'.
TpTrace Information: 0 : 21032, 1, 2021/10/12, 12:36:17.244, 2733903497798, vstest.console.dll, AssemblyResolver.OnResolve: Microsoft.TestPlatform.Extensions.EventLogCollector: Loading assembly 'C:\Program Files\dotnet\sdk\5.0.400\Extensions\Microsoft.TestPlatform.Extensions.EventLogCollector.dll'.
TpTrace Information: 0 : 21032, 1, 2021/10/12, 12:36:17.245, 2733903501285, vstest.console.dll, AssemblyResolver.OnResolve: Resolved assembly: Microsoft.TestPlatform.Extensions.EventLogCollector, from path: C:\Program Files\dotnet\sdk\5.0.400\Extensions\Microsoft.TestPlatform.Extensions.EventLogCollector.dll
TpTrace Information: 0 : 21032, 1, 2021/10/12, 12:36:17.247, 2733903522310, vstest.console.dll, AssemblyResolver.OnResolve: Microsoft.TestPlatform.TestHostRuntimeProvider: Resolving assembly.
TpTrace Information: 0 : 21032, 1, 2021/10/12, 12:36:17.247, 2733903523122, vstest.console.dll, AssemblyResolver.OnResolve: Microsoft.TestPlatform.TestHostRuntimeProvider: Searching in: 'C:\Program Files\dotnet\sdk\5.0.400\Extensions'.
TpTrace Information: 0 : 21032, 1, 2021/10/12, 12:36:17.248, 2733903531363, vstest.console.dll, AssemblyResolver.OnResolve: Microsoft.TestPlatform.TestHostRuntimeProvider: Loading assembly 'C:\Program Files\dotnet\sdk\5.0.400\Extensions\Microsoft.TestPlatform.TestHostRuntimeProvider.dll'.
TpTrace Information: 0 : 21032, 1, 2021/10/12, 12:36:17.248, 2733903535201, vstest.console.dll, AssemblyResolver.OnResolve: Resolved assembly: Microsoft.TestPlatform.TestHostRuntimeProvider, from path: C:\Program Files\dotnet\sdk\5.0.400\Extensions\Microsoft.TestPlatform.TestHostRuntimeProvider.dll
TpTrace Information: 0 : 21032, 1, 2021/10/12, 12:36:17.249, 2733903544289, vstest.console.dll, AssemblyResolver.OnResolve: Microsoft.VisualStudio.TestPlatform.Extensions.Html.TestLogger: Resolving assembly.
TpTrace Information: 0 : 21032, 1, 2021/10/12, 12:36:17.249, 2733903545025, vstest.console.dll, AssemblyResolver.OnResolve: Microsoft.VisualStudio.TestPlatform.Extensions.Html.TestLogger: Searching in: 'C:\Program Files\dotnet\sdk\5.0.400\Extensions'.
TpTrace Information: 0 : 21032, 1, 2021/10/12, 12:36:17.250, 2733903550431, vstest.console.dll, AssemblyResolver.OnResolve: Microsoft.VisualStudio.TestPlatform.Extensions.Html.TestLogger: Loading assembly 'C:\Program Files\dotnet\sdk\5.0.400\Extensions\Microsoft.VisualStudio.TestPlatform.Extensions.Html.TestLogger.dll'.
TpTrace Information: 0 : 21032, 1, 2021/10/12, 12:36:17.250, 2733903558237, vstest.console.dll, AssemblyResolver.OnResolve: Resolved assembly: Microsoft.VisualStudio.TestPlatform.Extensions.Html.TestLogger, from path: C:\Program Files\dotnet\sdk\5.0.400\Extensions\Microsoft.VisualStudio.TestPlatform.Extensions.Html.TestLogger.dll
TpTrace Information: 0 : 21032, 1, 2021/10/12, 12:36:17.251, 2733903560729, vstest.console.dll, AssemblyResolver.OnResolve: Microsoft.VisualStudio.TestPlatform.Extensions.Trx.TestLogger: Resolving assembly.
TpTrace Information: 0 : 21032, 1, 2021/10/12, 12:36:17.251, 2733903561325, vstest.console.dll, AssemblyResolver.OnResolve: Microsoft.VisualStudio.TestPlatform.Extensions.Trx.TestLogger: Searching in: 'C:\Program Files\dotnet\sdk\5.0.400\Extensions'.
TpTrace Information: 0 : 21032, 1, 2021/10/12, 12:36:17.252, 2733903571251, vstest.console.dll, AssemblyResolver.OnResolve: Microsoft.VisualStudio.TestPlatform.Extensions.Trx.TestLogger: Loading assembly 'C:\Program Files\dotnet\sdk\5.0.400\Extensions\Microsoft.VisualStudio.TestPlatform.Extensions.Trx.TestLogger.dll'.
TpTrace Information: 0 : 21032, 1, 2021/10/12, 12:36:17.253, 2733903583927, vstest.console.dll, AssemblyResolver.OnResolve: Resolved assembly: Microsoft.VisualStudio.TestPlatform.Extensions.Trx.TestLogger, from path: C:\Program Files\dotnet\sdk\5.0.400\Extensions\Microsoft.VisualStudio.TestPlatform.Extensions.Trx.TestLogger.dll
TpTrace Verbose: 0 : 21032, 1, 2021/10/12, 12:36:17.253, 2733903588283, vstest.console.dll, TestPluginCache: Discovered the extensions using extension path ''.
TpTrace Verbose: 0 : 21032, 1, 2021/10/12, 12:36:17.253, 2733903588985, vstest.console.dll, TestPluginCache: Discoverers are ''.
TpTrace Verbose: 0 : 21032, 1, 2021/10/12, 12:36:17.253, 2733903589415, vstest.console.dll, TestPluginCache: Executors are ''.
TpTrace Verbose: 0 : 21032, 1, 2021/10/12, 12:36:17.253, 2733903589790, vstest.console.dll, TestPluginCache: Executors2 are ''.
TpTrace Verbose: 0 : 21032, 1, 2021/10/12, 12:36:17.253, 2733903590159, vstest.console.dll, TestPluginCache: Setting providers are ''.
TpTrace Verbose: 0 : 21032, 1, 2021/10/12, 12:36:17.254, 2733903590521, vstest.console.dll, TestPluginCache: Loggers are ''.
TpTrace Information: 0 : 21032, 1, 2021/10/12, 12:36:17.257, 2733903628697, vstest.console.dll, RunTestsArgumentProcessor:Execute: Test run is starting.
TpTrace Verbose: 0 : 21032, 1, 2021/10/12, 12:36:17.257, 2733903629439, vstest.console.dll, RunTestsArgumentProcessor:Execute: Queuing Test run.
TpTrace Information: 0 : 21032, 1, 2021/10/12, 12:36:17.258, 2733903631000, vstest.console.dll, TestRequestManager.RunTests: run tests started.
TpTrace Information: 0 : 21032, 1, 2021/10/12, 12:36:17.268, 2733903736798, vstest.console.dll, AssemblyMetadataProvider.GetFrameWork: Determined framework:'.NETCoreApp,Version=v5.0' for source: 'C:\Users\aitor\Downloads\RedArborAPI\RedArborAPI.Test\bin\Release\net5.0\fine-code-coverage\build-output\RedArborAPI.Test.dll'
TpTrace Information: 0 : 21032, 1, 2021/10/12, 12:36:17.268, 2733903738698, vstest.console.dll, Determined framework for all sources: .NETCoreApp,Version=v5.0
TpTrace Information: 0 : 21032, 1, 2021/10/12, 12:36:17.269, 2733903742629, vstest.console.dll, AssemblyMetadataProvider.GetArchitecture: Determined architecture:AnyCPU info for assembly: C:\Users\aitor\Downloads\RedArborAPI\RedArborAPI.Test\bin\Release\net5.0\fine-code-coverage\build-output\RedArborAPI.Test.dll
TpTrace Information: 0 : 21032, 1, 2021/10/12, 12:36:17.270, 2733903757480, vstest.console.dll, Determined platform for all sources: X64
TpTrace Information: 0 : 21032, 1, 2021/10/12, 12:36:17.272, 2733903778305, vstest.console.dll, Compatible sources list : 
TpTrace Information: 0 : 21032, 1, 2021/10/12, 12:36:17.272, 2733903779135, vstest.console.dll, C:\Users\aitor\Downloads\RedArborAPI\RedArborAPI.Test\bin\Release\net5.0\fine-code-coverage\build-output\RedArborAPI.Test.dll
TpTrace Information: 0 : 21032, 1, 2021/10/12, 12:36:17.276, 2733903811718, vstest.console.dll, InferRunSettingsHelper.IsTestSettingsEnabled: Unable to navigate to RunSettings/MSTest. Current node: RunSettings
TpTrace Information: 0 : 21032, 1, 2021/10/12, 12:36:17.276, 2733903816977, vstest.console.dll, AssemblyResolver.OnResolve: Microsoft.VisualStudio.TestPlatform.Fakes: Resolving assembly.
TpTrace Information: 0 : 21032, 1, 2021/10/12, 12:36:17.276, 2733903817875, vstest.console.dll, AssemblyResolver.OnResolve: Microsoft.VisualStudio.TestPlatform.Fakes: Searching in: 'C:\Program Files\dotnet\sdk\5.0.400\Extensions'.
TpTrace Information: 0 : 21032, 1, 2021/10/12, 12:36:17.276, 2733903819046, vstest.console.dll, AssemblyResolver.OnResolve: Microsoft.VisualStudio.TestPlatform.Fakes: Assembly path does not exist: 'C:\Program Files\dotnet\sdk\5.0.400\Extensions\Microsoft.VisualStudio.TestPlatform.Fakes.dll', returning.
TpTrace Information: 0 : 21032, 1, 2021/10/12, 12:36:17.276, 2733903819888, vstest.console.dll, AssemblyResolver.OnResolve: Microsoft.VisualStudio.TestPlatform.Fakes: Assembly path does not exist: 'C:\Program Files\dotnet\sdk\5.0.400\Extensions\Microsoft.VisualStudio.TestPlatform.Fakes.exe', returning.
TpTrace Information: 0 : 21032, 1, 2021/10/12, 12:36:17.277, 2733903820737, vstest.console.dll, AssemblyResolver.OnResolve: Microsoft.VisualStudio.TestPlatform.Fakes: Searching in: 'C:\Program Files\dotnet\sdk\5.0.400'.
TpTrace Information: 0 : 21032, 1, 2021/10/12, 12:36:17.277, 2733903821662, vstest.console.dll, AssemblyResolver.OnResolve: Microsoft.VisualStudio.TestPlatform.Fakes: Assembly path does not exist: 'C:\Program Files\dotnet\sdk\5.0.400\Microsoft.VisualStudio.TestPlatform.Fakes.dll', returning.
TpTrace Information: 0 : 21032, 1, 2021/10/12, 12:36:17.277, 2733903822440, vstest.console.dll, AssemblyResolver.OnResolve: Microsoft.VisualStudio.TestPlatform.Fakes: Assembly path does not exist: 'C:\Program Files\dotnet\sdk\5.0.400\Microsoft.VisualStudio.TestPlatform.Fakes.exe', returning.
TpTrace Information: 0 : 21032, 1, 2021/10/12, 12:36:17.277, 2733903822882, vstest.console.dll, AssemblyResolver.OnResolve: Microsoft.VisualStudio.TestPlatform.Fakes: Failed to load assembly.
TpTrace Information: 0 : 21032, 1, 2021/10/12, 12:36:17.278, 2733903835110, vstest.console.dll, Failed to create newly implemented Fakes Configurator. Reason:System.IO.FileNotFoundException: Could not load file or assembly 'Microsoft.VisualStudio.TestPlatform.Fakes, Version=16.0.0.0, Culture=neutral, PublicKeyToken=null'. El sistema no puede encontrar el archivo especificado.
File name: 'Microsoft.VisualStudio.TestPlatform.Fakes, Version=16.0.0.0, Culture=neutral, PublicKeyToken=null'
   at System.Reflection.RuntimeAssembly.InternalLoad(ObjectHandleOnStack assemblyName, ObjectHandleOnStack requestingAssembly, StackCrawlMarkHandle stackMark, Boolean throwOnFileNotFound, ObjectHandleOnStack assemblyLoadContext, ObjectHandleOnStack retAssembly)
   at System.Reflection.RuntimeAssembly.InternalLoad(AssemblyName assemblyName, RuntimeAssembly requestingAssembly, StackCrawlMark& stackMark, Boolean throwOnFileNotFound, AssemblyLoadContext assemblyLoadContext)
   at System.Reflection.Assembly.Load(AssemblyName assemblyRef)
   at Microsoft.VisualStudio.TestPlatform.Common.Utilities.FakesUtilities.TryGetFakesCrossPlatformDataCollectorConfigurator() 
TpTrace Verbose: 0 : 21032, 1, 2021/10/12, 12:36:17.281, 2733903870118, vstest.console.dll, TestPluginCache.DiscoverTestExtensions: finding test extensions in assemblies ends with: TestLogger.dll TPluginInfo: Microsoft.VisualStudio.TestPlatform.Common.ExtensionFramework.Utilities.TestLoggerPluginInformation TExtension: Microsoft.VisualStudio.TestPlatform.ObjectModel.Client.ITestLogger
TpTrace Verbose: 0 : 21032, 1, 2021/10/12, 12:36:17.282, 2733903871508, vstest.console.dll, TestPluginCache.GetExtensionPaths: Filtered extension paths: 
TpTrace Verbose: 0 : 21032, 1, 2021/10/12, 12:36:17.282, 2733903872119, vstest.console.dll, TestPluginCache.GetExtensionPaths: Added default extension paths: C:\Program Files\dotnet\sdk\5.0.400\Extensions\Microsoft.Diagnostics.NETCore.Client.dll
C:\Program Files\dotnet\sdk\5.0.400\Extensions\Microsoft.TestPlatform.Extensions.BlameDataCollector.dll
C:\Program Files\dotnet\sdk\5.0.400\Extensions\Microsoft.TestPlatform.Extensions.EventLogCollector.dll
C:\Program Files\dotnet\sdk\5.0.400\Extensions\Microsoft.TestPlatform.TestHostRuntimeProvider.dll
C:\Program Files\dotnet\sdk\5.0.400\Extensions\Microsoft.VisualStudio.TestPlatform.Extensions.Html.TestLogger.dll
C:\Program Files\dotnet\sdk\5.0.400\Extensions\Microsoft.VisualStudio.TestPlatform.Extensions.Trx.TestLogger.dll
TpTrace Verbose: 0 : 21032, 1, 2021/10/12, 12:36:17.282, 2733903872655, vstest.console.dll, TestPluginCache.GetExtensionPaths: Added unfilterableExtensionPaths: 
TpTrace Information: 0 : 21032, 1, 2021/10/12, 12:36:17.282, 2733903874406, vstest.console.dll, AssemblyResolver.AddSearchDirectories: Adding more searchDirectories C:\Program Files\dotnet\sdk\5.0.400\Extensions,C:\Program Files\dotnet\sdk\5.0.400
TpTrace Verbose: 0 : 21032, 1, 2021/10/12, 12:36:17.282, 2733903875059, vstest.console.dll, TestPluginCache.DiscoverTestExtensions: Discovering the extensions using extension path.
TpTrace Verbose: 0 : 21032, 1, 2021/10/12, 12:36:17.282, 2733903875905, vstest.console.dll, TestPluginCache.GetExtensionPaths: Filtered extension paths: 
TpTrace Verbose: 0 : 21032, 1, 2021/10/12, 12:36:17.282, 2733903876384, vstest.console.dll, TestPluginCache.GetExtensionPaths: Added default extension paths: C:\Program Files\dotnet\sdk\5.0.400\Extensions\Microsoft.Diagnostics.NETCore.Client.dll
C:\Program Files\dotnet\sdk\5.0.400\Extensions\Microsoft.TestPlatform.Extensions.BlameDataCollector.dll
C:\Program Files\dotnet\sdk\5.0.400\Extensions\Microsoft.TestPlatform.Extensions.EventLogCollector.dll
C:\Program Files\dotnet\sdk\5.0.400\Extensions\Microsoft.TestPlatform.TestHostRuntimeProvider.dll
C:\Program Files\dotnet\sdk\5.0.400\Extensions\Microsoft.VisualStudio.TestPlatform.Extensions.Html.TestLogger.dll
C:\Program Files\dotnet\sdk\5.0.400\Extensions\Microsoft.VisualStudio.TestPlatform.Extensions.Trx.TestLogger.dll
TpTrace Verbose: 0 : 21032, 1, 2021/10/12, 12:36:17.282, 2733903876866, vstest.console.dll, TestPluginCache.GetExtensionPaths: Added unfilterableExtensionPaths: 
TpTrace Verbose: 0 : 21032, 1, 2021/10/12, 12:36:17.282, 2733903877284, vstest.console.dll, TestPluginCache.DiscoverTestExtensions: Discovering the extensions using allExtensionPaths: C:\Program Files\dotnet\sdk\5.0.400\Extensions\Microsoft.Diagnostics.NETCore.Client.dll
C:\Program Files\dotnet\sdk\5.0.400\Extensions\Microsoft.TestPlatform.Extensions.BlameDataCollector.dll
C:\Program Files\dotnet\sdk\5.0.400\Extensions\Microsoft.TestPlatform.Extensions.EventLogCollector.dll
C:\Program Files\dotnet\sdk\5.0.400\Extensions\Microsoft.TestPlatform.TestHostRuntimeProvider.dll
C:\Program Files\dotnet\sdk\5.0.400\Extensions\Microsoft.VisualStudio.TestPlatform.Extensions.Html.TestLogger.dll
C:\Program Files\dotnet\sdk\5.0.400\Extensions\Microsoft.VisualStudio.TestPlatform.Extensions.Trx.TestLogger.dll
TpTrace Information: 0 : 21032, 1, 2021/10/12, 12:36:17.282, 2733903877914, vstest.console.dll, AssemblyResolver.AddSearchDirectories: Adding more searchDirectories C:\Program Files\dotnet\sdk\5.0.400\Extensions,C:\Program Files\dotnet\sdk\5.0.400
TpTrace Information: 0 : 21032, 1, 2021/10/12, 12:36:17.282, 2733903878375, vstest.console.dll, AssemblyResolver.AddSearchDirectories: Adding more searchDirectories C:\Program Files\dotnet\sdk\5.0.400\Extensions,C:\Program Files\dotnet\sdk\5.0.400
TpTrace Information: 0 : 21032, 1, 2021/10/12, 12:36:17.282, 2733903878787, vstest.console.dll, AssemblyResolver.AddSearchDirectories: Adding more searchDirectories C:\Program Files\dotnet\sdk\5.0.400\Extensions,C:\Program Files\dotnet\sdk\5.0.400
TpTrace Information: 0 : 21032, 1, 2021/10/12, 12:36:17.282, 2733903879252, vstest.console.dll, AssemblyResolver.AddSearchDirectories: Adding more searchDirectories C:\Program Files\dotnet\sdk\5.0.400\Extensions,C:\Program Files\dotnet\sdk\5.0.400
TpTrace Information: 0 : 21032, 1, 2021/10/12, 12:36:17.282, 2733903879660, vstest.console.dll, AssemblyResolver.AddSearchDirectories: Adding more searchDirectories C:\Program Files\dotnet\sdk\5.0.400\Extensions,C:\Program Files\dotnet\sdk\5.0.400
TpTrace Information: 0 : 21032, 1, 2021/10/12, 12:36:17.282, 2733903880068, vstest.console.dll, AssemblyResolver.AddSearchDirectories: Adding more searchDirectories C:\Program Files\dotnet\sdk\5.0.400\Extensions,C:\Program Files\dotnet\sdk\5.0.400
TpTrace Information: 0 : 21032, 1, 2021/10/12, 12:36:17.283, 2733903882400, vstest.console.dll, AssemblyResolver.OnResolve: Microsoft.Bcl.AsyncInterfaces: Resolving assembly.
TpTrace Information: 0 : 21032, 1, 2021/10/12, 12:36:17.283, 2733903882933, vstest.console.dll, AssemblyResolver.OnResolve: Microsoft.Bcl.AsyncInterfaces: Resolved from cache.
TpTrace Verbose: 0 : 21032, 1, 2021/10/12, 12:36:17.283, 2733903883383, vstest.console.dll, CurrentDomainAssemblyResolve: Resolving assembly 'Microsoft.Bcl.AsyncInterfaces'.
TpTrace Information: 0 : 21032, 1, 2021/10/12, 12:36:17.283, 2733903884003, vstest.console.dll, AssemblyResolver.OnResolve: Microsoft.Bcl.AsyncInterfaces: Resolving assembly.
TpTrace Information: 0 : 21032, 1, 2021/10/12, 12:36:17.283, 2733903884858, vstest.console.dll, AssemblyResolver.OnResolve: Microsoft.Bcl.AsyncInterfaces: Resolved from cache.
TpTrace Verbose: 0 : 21032, 1, 2021/10/12, 12:36:17.283, 2733903885409, vstest.console.dll, CurrentDomainAssemblyResolve: Resolving assembly 'Microsoft.Bcl.AsyncInterfaces'.
TpTrace Verbose: 0 : 21032, 1, 2021/10/12, 12:36:17.283, 2733903885816, vstest.console.dll, CurrentDomainAssemblyResolve: Failed to resolve assembly 'Microsoft.Bcl.AsyncInterfaces'.
TpTrace Verbose: 0 : 21032, 1, 2021/10/12, 12:36:17.283, 2733903887267, vstest.console.dll, CurrentDomainAssemblyResolve: Failed to resolve assembly 'Microsoft.Bcl.AsyncInterfaces'.
TpTrace Warning: 0 : 21032, 1, 2021/10/12, 12:36:17.283, 2733903889832, vstest.console.dll, TestPluginDiscoverer: Failed to get types from assembly 'Microsoft.Diagnostics.NETCore.Client, Version=0.2.2.41902, Culture=neutral, PublicKeyToken=31bf3856ad364e35'.  Skipping test extension scan for this assembly.  Error: System.Reflection.ReflectionTypeLoadException: Unable to load one or more of the requested types.
Could not load file or assembly 'Microsoft.Bcl.AsyncInterfaces, Version=1.0.0.0, Culture=neutral, PublicKeyToken=cc7b13ffcd2ddd51'. El sistema no puede encontrar el archivo especificado.
   at System.Reflection.RuntimeModule.GetTypes(RuntimeModule module)
   at System.Reflection.RuntimeModule.GetTypes()
   at System.Reflection.Assembly.GetTypes()
   at Microsoft.VisualStudio.TestPlatform.Common.ExtensionFramework.TestPluginDiscoverer.GetTestExtensionsFromAssembly[TPluginInfo,TExtension](Assembly assembly, Dictionary`2 pluginInfos)
System.IO.FileNotFoundException: Could not load file or assembly 'Microsoft.Bcl.AsyncInterfaces, Version=1.0.0.0, Culture=neutral, PublicKeyToken=cc7b13ffcd2ddd51'. El sistema no puede encontrar el archivo especificado.
File name: 'Microsoft.Bcl.AsyncInterfaces, Version=1.0.0.0, Culture=neutral, PublicKeyToken=cc7b13ffcd2ddd51'
TpTrace Warning: 0 : 21032, 1, 2021/10/12, 12:36:17.284, 2733903890471, vstest.console.dll, LoaderExceptions: System.IO.FileNotFoundException: Could not load file or assembly 'Microsoft.Bcl.AsyncInterfaces, Version=1.0.0.0, Culture=neutral, PublicKeyToken=cc7b13ffcd2ddd51'. El sistema no puede encontrar el archivo especificado.
File name: 'Microsoft.Bcl.AsyncInterfaces, Version=1.0.0.0, Culture=neutral, PublicKeyToken=cc7b13ffcd2ddd51'
TpTrace Verbose: 0 : 21032, 1, 2021/10/12, 12:36:17.284, 2733903893518, vstest.console.dll, TestPluginCache: Discovered the extensions using extension path ''.
TpTrace Verbose: 0 : 21032, 1, 2021/10/12, 12:36:17.284, 2733903894043, vstest.console.dll, TestPluginCache: Discoverers are ''.
TpTrace Verbose: 0 : 21032, 1, 2021/10/12, 12:36:17.284, 2733903894443, vstest.console.dll, TestPluginCache: Executors are ''.
TpTrace Verbose: 0 : 21032, 1, 2021/10/12, 12:36:17.284, 2733903894821, vstest.console.dll, TestPluginCache: Executors2 are ''.
TpTrace Verbose: 0 : 21032, 1, 2021/10/12, 12:36:17.284, 2733903895188, vstest.console.dll, TestPluginCache: Setting providers are ''.
TpTrace Verbose: 0 : 21032, 1, 2021/10/12, 12:36:17.284, 2733903895903, vstest.console.dll, TestPluginCache: Loggers are 'logger://Microsoft/TestPlatform/Extensions/Blame/v1,logger://Microsoft/TestPlatform/HtmlLogger/v1,logger://Microsoft/TestPlatform/TrxLogger/v1'.
TpTrace Information: 0 : 21032, 1, 2021/10/12, 12:36:17.285, 2733903901307, vstest.console.dll, TestPluginManager.CreateTestExtension: Attempting to load test extension: Microsoft.TestPlatform.Extensions.BlameDataCollector.BlameLogger
TpTrace Information: 0 : 21032, 1, 2021/10/12, 12:36:17.292, 2733903973420, vstest.console.dll, TestPluginManager.CreateTestExtension: Attempting to load test extension: Microsoft.VisualStudio.TestPlatform.CrossPlatEngine.Hosting.DefaultTestHostManager
TpTrace Information: 0 : 21032, 1, 2021/10/12, 12:36:17.292, 2733903976251, vstest.console.dll, TestPluginManager.CreateTestExtension: Attempting to load test extension: Microsoft.VisualStudio.TestPlatform.CrossPlatEngine.Hosting.DotnetTestHostManager
TpTrace Verbose: 0 : 21032, 1, 2021/10/12, 12:36:17.293, 2733903980952, vstest.console.dll, TestEngine: Initializing Parallel Execution as MaxCpuCount is set to: 1
TpTrace Information: 0 : 21032, 1, 2021/10/12, 12:36:17.293, 2733903985149, vstest.console.dll, InferRunSettingsHelper.IsTestSettingsEnabled: Unable to navigate to RunSettings/MSTest. Current node: RunSettings
TpTrace Verbose: 0 : 21032, 1, 2021/10/12, 12:36:17.316, 2733904215895, vstest.console.dll, TestRequestSender is acting as server
TpTrace Verbose: 0 : 21032, 4, 2021/10/12, 12:36:17.320, 2733904251815, vstest.console.dll, DataCollectionRequestSender.InitializeCommunication : Initialize communication. 
TpTrace Information: 0 : 21032, 4, 2021/10/12, 12:36:17.329, 2733904349485, vstest.console.dll, Listening on Endpoint : 127.0.0.1:64051
TpTrace Verbose: 0 : 21032, 4, 2021/10/12, 12:36:17.339, 2733904440701, vstest.console.dll, DotnetDataCollectionLauncher: Full path of dotnet.exe is C:\Program Files\dotnet\dotnet.exe
TpTrace Verbose: 0 : 21032, 4, 2021/10/12, 12:36:17.339, 2733904443085, vstest.console.dll, DotnetDataCollectionLauncher: Adding  --runtimeconfig "C:\Program Files\dotnet\sdk\5.0.400\datacollector.runtimeconfig.json" in args
TpTrace Verbose: 0 : 21032, 4, 2021/10/12, 12:36:17.339, 2733904444442, vstest.console.dll, DotnetDataCollectionLauncher: Adding  --depsfile "C:\Program Files\dotnet\sdk\5.0.400\datacollector.deps.json" in args
TpTrace Information: 0 : 21032, 4, 2021/10/12, 12:36:17.346, 2733904510311, vstest.console.dll, ProxyDataCollectionManager.Initialize: Launched datacollector processId: 19024 port: 64051
TpTrace Information: 0 : 21032, 4, 2021/10/12, 12:36:17.346, 2733904511773, vstest.console.dll, ProxyDataCollectionManager.Initialize: waiting for connection with timeout: 90 seconds
TpTrace Verbose: 0 : 21032, 4, 2021/10/12, 12:36:17.346, 2733904512427, vstest.console.dll, DataCollectionRequestSender.WaitForRequestHandlerConnection : Waiting for connection with timeout: 90000
TpTrace Information: 0 : 21032, 7, 2021/10/12, 12:36:17.486, 2733905916632, vstest.console.dll, Using the buffer size of 16384 bytes
TpTrace Verbose: 0 : 21032, 4, 2021/10/12, 12:36:17.486, 2733905917593, vstest.console.dll, ProxyDataCollectionManager.InvokeDataCollectionServiceAction: Starting.
TpTrace Information: 0 : 21032, 7, 2021/10/12, 12:36:17.486, 2733905917673, vstest.console.dll, Accepted Client request and set the flag
TpTrace Information: 0 : 21032, 4, 2021/10/12, 12:36:17.486, 2733905918649, vstest.console.dll, ProxyDataCollectionManager.BeforeTestRunStart: Get environment variable and port for datacollector processId: 19024 port: 64051
TpTrace Verbose: 0 : 21032, 4, 2021/10/12, 12:36:17.486, 2733905920190, vstest.console.dll, DataCollectionRequestSender.SendBeforeTestRunStartAndGetResult : Send BeforeTestRunStart message with settingsXml <RunSettings><RunConfiguration><ResultsDirectory>C:\Users\aitor\Downloads\RedArborAPI\RedArborAPI.Test\bin\Release\net5.0\fine-code-coverage\coverage-tool-output</ResultsDirectory><TargetPlatform>X64</TargetPlatform><TargetFrameworkVersion>.NETCoreApp,Version=v5.0</TargetFrameworkVersion><DesignMode>False</DesignMode><CollectSourceInformation>False</CollectSourceInformation><TestAdaptersPaths>C:\Program Files\dotnet\sdk\5.0.400\Extensions</TestAdaptersPaths></RunConfiguration><LoggerRunSettings><Loggers><Logger friendlyName="blame" enabled="True" /><Logger friendlyName="Console" uri="logger://microsoft/TestPlatform/ConsoleLogger/v1" assemblyQualifiedName="Microsoft.VisualStudio.TestPlatform.CommandLine.Internal.ConsoleLogger, vstest.console, Version=15.0.0.0, Culture=neutral, PublicKeyToken=b03f5f7f11d50a3a" codeBase="C:\Program Files\dotnet\sdk\5.0.400\vstest.console.dll" enabled="True" /></Loggers></LoggerRunSettings><DataCollectionRunSettings><DataCollectors><DataCollector friendlyName="blame" enabled="True"><Configuration><ResultsDirectory>C:\Users\aitor\Downloads\RedArborAPI\RedArborAPI.Test\bin\Release\net5.0\fine-code-coverage\coverage-tool-output</ResultsDirectory></Configuration></DataCollector></DataCollectors></DataCollectionRunSettings></RunSettings> and sources System.Linq.Enumerable+Concat2Iterator`1[System.String]: 
TpTrace Verbose: 0 : 21032, 4, 2021/10/12, 12:36:17.546, 2733906510293, vstest.console.dll, DataCollectionRequestSender.SendBeforeTestRunStartAndGetResult : Received message: (DataCollection.SendMessage) -> {
  "FriendlyName": null,
  "Uri": null,
  "TestCaseId": "00000000-0000-0000-0000-000000000000",
  "Message": "Logging DataCollector Diagnostics in file: C:\\Users\\aitor\\Downloads\\RedArborAPI\\RedArborAPI.Test\\bin\\Release\\net5.0\\fine-code-coverage\\coverage-tool-output\\diagnostics.datacollector.21-10-12_12-36-17_33502_4.log",
  "Level": 0
}
TpTrace Information: 0 : 21032, 4, 2021/10/12, 12:36:17.550, 2733906556924, vstest.console.dll, AssemblyResolver.OnResolve: Microsoft.VisualStudio.TestPlatform.Common.resources: Resolving assembly.
TpTrace Information: 0 : 21032, 4, 2021/10/12, 12:36:17.550, 2733906557934, vstest.console.dll, AssemblyResolver.OnResolve: Microsoft.VisualStudio.TestPlatform.Common.resources: Searching in: 'C:\Program Files\dotnet\sdk\5.0.400\Extensions'.
TpTrace Information: 0 : 21032, 4, 2021/10/12, 12:36:17.550, 2733906558821, vstest.console.dll, AssemblyResolver.OnResolve: Microsoft.VisualStudio.TestPlatform.Common.resources: Assembly path does not exist: 'C:\Program Files\dotnet\sdk\5.0.400\Extensions\Microsoft.VisualStudio.TestPlatform.Common.resources.dll', returning.
TpTrace Information: 0 : 21032, 4, 2021/10/12, 12:36:17.550, 2733906559721, vstest.console.dll, AssemblyResolver.OnResolve: Microsoft.VisualStudio.TestPlatform.Common.resources: Assembly path does not exist: 'C:\Program Files\dotnet\sdk\5.0.400\Extensions\Microsoft.VisualStudio.TestPlatform.Common.resources.exe', returning.
TpTrace Information: 0 : 21032, 4, 2021/10/12, 12:36:17.550, 2733906560167, vstest.console.dll, AssemblyResolver.OnResolve: Microsoft.VisualStudio.TestPlatform.Common.resources: Searching in: 'C:\Program Files\dotnet\sdk\5.0.400'.
TpTrace Information: 0 : 21032, 4, 2021/10/12, 12:36:17.551, 2733906560925, vstest.console.dll, AssemblyResolver.OnResolve: Microsoft.VisualStudio.TestPlatform.Common.resources: Assembly path does not exist: 'C:\Program Files\dotnet\sdk\5.0.400\Microsoft.VisualStudio.TestPlatform.Common.resources.dll', returning.
TpTrace Information: 0 : 21032, 4, 2021/10/12, 12:36:17.551, 2733906561780, vstest.console.dll, AssemblyResolver.OnResolve: Microsoft.VisualStudio.TestPlatform.Common.resources: Assembly path does not exist: 'C:\Program Files\dotnet\sdk\5.0.400\Microsoft.VisualStudio.TestPlatform.Common.resources.exe', returning.
TpTrace Information: 0 : 21032, 4, 2021/10/12, 12:36:17.551, 2733906562226, vstest.console.dll, AssemblyResolver.OnResolve: Microsoft.VisualStudio.TestPlatform.Common.resources: Failed to load assembly.
TpTrace Verbose: 0 : 21032, 4, 2021/10/12, 12:36:17.597, 2733907022281, vstest.console.dll, DataCollectionRequestSender.SendBeforeTestRunStartAndGetResult : Received message: (DataCollection.BeforeTestRunStartResult) -> {
  "EnvironmentVariables": {},
  "DataCollectionEventsPort": 64053
}
TpTrace Information: 0 : 21032, 4, 2021/10/12, 12:36:17.600, 2733907056071, vstest.console.dll, ProxyDataCollectionManager.BeforeTestRunStart: SendBeforeTestRunStartAndGetResult successful, env variable from datacollector:   and testhost port: 64053
TpTrace Information: 0 : 21032, 4, 2021/10/12, 12:36:17.600, 2733907057107, vstest.console.dll, ProxyDataCollectionManager.InvokeDataCollectionServiceAction: Completed.
TpTrace Verbose: 0 : 21032, 1, 2021/10/12, 12:36:17.600, 2733907058602, vstest.console.dll, TestRunRequest.ExecuteAsync: Creating test run request.
TpTrace Verbose: 0 : 21032, 1, 2021/10/12, 12:36:17.601, 2733907060874, vstest.console.dll, TestRunRequest.ExecuteAsync: Starting.
TpTrace Information: 0 : 21032, 1, 2021/10/12, 12:36:17.601, 2733907063114, vstest.console.dll, TestRunRequest.ExecuteAsync: Starting run with settings:TestRunCriteria:
   KeepAlive=False,FrequencyOfRunStatsChangeEvent=10,RunStatsChangeEventTimeout=00:00:01.5000000,TestCaseFilter=,TestExecutorLauncher=
   Settingsxml=<RunSettings>
  <RunConfiguration>
    <ResultsDirectory>C:\Users\aitor\Downloads\RedArborAPI\RedArborAPI.Test\bin\Release\net5.0\fine-code-coverage\coverage-tool-output</ResultsDirectory>
    <TargetPlatform>X64</TargetPlatform>
    <TargetFrameworkVersion>.NETCoreApp,Version=v5.0</TargetFrameworkVersion>
    <DesignMode>False</DesignMode>
    <CollectSourceInformation>False</CollectSourceInformation>
  </RunConfiguration>
  <LoggerRunSettings>
    <Loggers>
      <Logger friendlyName="blame" enabled="True" />
      <Logger friendlyName="Console" uri="logger://microsoft/TestPlatform/ConsoleLogger/v1" assemblyQualifiedName="Microsoft.VisualStudio.TestPlatform.CommandLine.Internal.ConsoleLogger, vstest.console, Version=15.0.0.0, Culture=neutral, PublicKeyToken=b03f5f7f11d50a3a" codeBase="C:\Program Files\dotnet\sdk\5.0.400\vstest.console.dll" enabled="True" />
    </Loggers>
  </LoggerRunSettings>
  <DataCollectionRunSettings>
    <DataCollectors>
      <DataCollector friendlyName="blame" enabled="True">
        <Configuration>
          <ResultsDirectory>C:\Users\aitor\Downloads\RedArborAPI\RedArborAPI.Test\bin\Release\net5.0\fine-code-coverage\coverage-tool-output</ResultsDirectory>
        </Configuration>
      </DataCollector>
    </DataCollectors>
  </DataCollectionRunSettings>
</RunSettings>

TpTrace Verbose: 0 : 21032, 1, 2021/10/12, 12:36:17.601, 2733907063837, vstest.console.dll, TestRunRequest.ExecuteAsync: Wait for the first run request is over.
TpTrace Verbose: 0 : 21032, 1, 2021/10/12, 12:36:17.601, 2733907067177, vstest.console.dll, ParallelProxyExecutionManager: Start execution. Total sources: 1
TpTrace Information: 0 : 21032, 1, 2021/10/12, 12:36:17.602, 2733907072000, vstest.console.dll, ProxyParallelExecutionManager: Triggering test run for next source: C:\Users\aitor\Downloads\RedArborAPI\RedArborAPI.Test\bin\Release\net5.0\fine-code-coverage\build-output\RedArborAPI.Test.dll
TpTrace Verbose: 0 : 21032, 4, 2021/10/12, 12:36:17.602, 2733907073413, vstest.console.dll, ParallelProxyExecutionManager: Execution started. Started clients: 1
TpTrace Verbose: 0 : 21032, 1, 2021/10/12, 12:36:17.602, 2733907073759, vstest.console.dll, ProxyParallelExecutionManager: No sources available for execution.
TpTrace Information: 0 : 21032, 1, 2021/10/12, 12:36:17.602, 2733907074795, vstest.console.dll, TestRunRequest.ExecuteAsync: Started.
TpTrace Verbose: 0 : 21032, 1, 2021/10/12, 12:36:17.602, 2733907075596, vstest.console.dll, TestRunRequest.WaitForCompletion: Waiting with timeout -1.
TpTrace Verbose: 0 : 21032, 4, 2021/10/12, 12:36:17.602, 2733907075772, vstest.console.dll, TestRunRequest:SendTestRunMessage: Starting.
TpTrace Information: 0 : 21032, 4, 2021/10/12, 12:36:17.602, 2733907077262, vstest.console.dll, TestRunRequest:SendTestRunMessage: Completed.
TpTrace Verbose: 0 : 21032, 4, 2021/10/12, 12:36:17.602, 2733907079029, vstest.console.dll, ProxyExecutionManager: Test host is always Lazy initialize.
TpTrace Verbose: 0 : 21032, 4, 2021/10/12, 12:36:17.603, 2733907081048, vstest.console.dll, TestRequestSender.InitializeCommunication: initialize communication. 
TpTrace Information: 0 : 21032, 4, 2021/10/12, 12:36:17.603, 2733907085745, vstest.console.dll, SocketServer.Start: Listening on endpoint : 127.0.0.1:64054
TpTrace Verbose: 0 : 21032, 4, 2021/10/12, 12:36:17.604, 2733907093143, vstest.console.dll, DotnetTestHostmanager: Adding  --runtimeconfig "C:\Users\aitor\Downloads\RedArborAPI\RedArborAPI.Test\bin\Release\net5.0\fine-code-coverage\build-output\RedArborAPI.Test.runtimeconfig.json" in args
TpTrace Verbose: 0 : 21032, 4, 2021/10/12, 12:36:17.604, 2733907094681, vstest.console.dll, DotnetTestHostmanager: Adding  --depsfile "C:\Users\aitor\Downloads\RedArborAPI\RedArborAPI.Test\bin\Release\net5.0\fine-code-coverage\build-output\RedArborAPI.Test.deps.json" in args
TpTrace Verbose: 0 : 21032, 4, 2021/10/12, 12:36:17.604, 2733907096589, vstest.console.dll, DotnetTestHostManager: Testhost.exe/testhost.x86.exe found at path: C:\Users\aitor\Downloads\RedArborAPI\RedArborAPI.Test\bin\Release\net5.0\fine-code-coverage\build-output\testhost.exe
TpTrace Verbose: 0 : 21032, 4, 2021/10/12, 12:36:17.604, 2733907097191, vstest.console.dll, DotnetTestHostmanager: Full path of host exe is C:\Users\aitor\Downloads\RedArborAPI\RedArborAPI.Test\bin\Release\net5.0\fine-code-coverage\build-output\testhost.exe
TpTrace Verbose: 0 : 21032, 6, 2021/10/12, 12:36:17.605, 2733907104856, vstest.console.dll, DotnetTestHostManager: Starting process 'C:\Users\aitor\Downloads\RedArborAPI\RedArborAPI.Test\bin\Release\net5.0\fine-code-coverage\build-output\testhost.exe' with command line ' --runtimeconfig "C:\Users\aitor\Downloads\RedArborAPI\RedArborAPI.Test\bin\Release\net5.0\fine-code-coverage\build-output\RedArborAPI.Test.runtimeconfig.json" --depsfile "C:\Users\aitor\Downloads\RedArborAPI\RedArborAPI.Test\bin\Release\net5.0\fine-code-coverage\build-output\RedArborAPI.Test.deps.json" --port 64054 --endpoint 127.0.0.1:064054 --role client --parentprocessid 21032 --diag "C:\Users\aitor\Downloads\RedArborAPI\RedArborAPI.Test\bin\Release\net5.0\fine-code-coverage\coverage-tool-output\diagnostics.host.21-10-12_12-36-17_60389_4.log" --tracelevel 4 --datacollectionport 64053 --telemetryoptedin false'
TpTrace Verbose: 0 : 21032, 6, 2021/10/12, 12:36:17.613, 2733907186099, vstest.console.dll, Test Runtime launched
TpTrace Verbose: 0 : 21032, 4, 2021/10/12, 12:36:17.614, 2733907191663, vstest.console.dll, TestRequestSender.WaitForRequestHandlerConnection: waiting for connection with timeout: 90000
TpTrace Verbose: 0 : 21032, 6, 2021/10/12, 12:36:17.869, 2733909742431, vstest.console.dll, SocketServer.OnClientConnected: Client connected for endPoint: 127.0.0.1:64054, starting MessageLoopAsync:
TpTrace Verbose: 0 : 21032, 6, 2021/10/12, 12:36:17.869, 2733909744427, vstest.console.dll, TcpClientExtensions.MessageLoopAsync: Polling on remoteEndPoint: 127.0.0.1:64055 localEndPoint: 127.0.0.1:64054
TpTrace Verbose: 0 : 21032, 6, 2021/10/12, 12:36:17.993, 2733910980996, vstest.console.dll, TcpClientExtensions.MessageLoopAsync: NotifyDataAvailable remoteEndPoint: 127.0.0.1:64055 localEndPoint: 127.0.0.1:64054
TpTrace Verbose: 0 : 21032, 6, 2021/10/12, 12:36:17.993, 2733910983388, vstest.console.dll, TestRequestSender.CheckVersionWithTestHost: onMessageReceived received message: (ProtocolVersion) -> 5
TpTrace Verbose: 0 : 21032, 6, 2021/10/12, 12:36:17.993, 2733910986511, vstest.console.dll, TcpClientExtensions.MessageLoopAsync: Polling on remoteEndPoint: 127.0.0.1:64055 localEndPoint: 127.0.0.1:64054
TpTrace Verbose: 0 : 21032, 4, 2021/10/12, 12:36:17.993, 2733910987546, vstest.console.dll, TestPluginCache.GetExtensionPaths: Filtered extension paths: 
TpTrace Verbose: 0 : 21032, 4, 2021/10/12, 12:36:17.993, 2733910988579, vstest.console.dll, TestPluginCache.GetExtensionPaths: Added default extension paths: C:\Program Files\dotnet\sdk\5.0.400\Extensions\Microsoft.Diagnostics.NETCore.Client.dll
C:\Program Files\dotnet\sdk\5.0.400\Extensions\Microsoft.TestPlatform.Extensions.BlameDataCollector.dll
C:\Program Files\dotnet\sdk\5.0.400\Extensions\Microsoft.TestPlatform.Extensions.EventLogCollector.dll
C:\Program Files\dotnet\sdk\5.0.400\Extensions\Microsoft.TestPlatform.TestHostRuntimeProvider.dll
C:\Program Files\dotnet\sdk\5.0.400\Extensions\Microsoft.VisualStudio.TestPlatform.Extensions.Html.TestLogger.dll
C:\Program Files\dotnet\sdk\5.0.400\Extensions\Microsoft.VisualStudio.TestPlatform.Extensions.Trx.TestLogger.dll
TpTrace Verbose: 0 : 21032, 4, 2021/10/12, 12:36:17.993, 2733910989165, vstest.console.dll, TestPluginCache.GetExtensionPaths: Added unfilterableExtensionPaths: 
TpTrace Verbose: 0 : 21032, 4, 2021/10/12, 12:36:17.996, 2733911016077, vstest.console.dll, TestRequestSender.InitializeExecution: Sending initializing execution with message: {"Version":5,"MessageType":"TestExecution.Initialize","Payload":["C:\\Users\\aitor\\Downloads\\RedArborAPI\\RedArborAPI.Test\\bin\\Release\\net5.0\\fine-code-coverage\\build-output\\NUnit3.TestAdapter.dll"]}
TpTrace Verbose: 0 : 21032, 4, 2021/10/12, 12:36:18.002, 2733911079102, vstest.console.dll, TestRequestSender.StartTestRun: Sending test run with message: {"Version":5,"MessageType":"TestExecution.StartWithSources","Payload":{"AdapterSourceMap":{"_none_":["C:\\Users\\aitor\\Downloads\\RedArborAPI\\RedArborAPI.Test\\bin\\Release\\net5.0\\fine-code-coverage\\build-output\\RedArborAPI.Test.dll"]},"RunSettings":"<RunSettings>\r\n  <RunConfiguration>\r\n    <ResultsDirectory>C:\\Users\\aitor\\Downloads\\RedArborAPI\\RedArborAPI.Test\\bin\\Release\\net5.0\\fine-code-coverage\\coverage-tool-output</ResultsDirectory>\r\n    <TargetPlatform>X64</TargetPlatform>\r\n    <TargetFrameworkVersion>.NETCoreApp,Version=v5.0</TargetFrameworkVersion>\r\n    <DesignMode>False</DesignMode>\r\n    <CollectSourceInformation>False</CollectSourceInformation>\r\n  </RunConfiguration>\r\n  <LoggerRunSettings>\r\n    <Loggers>\r\n      <Logger friendlyName=\"blame\" enabled=\"True\" />\r\n      <Logger friendlyName=\"Console\" uri=\"logger://microsoft/TestPlatform/ConsoleLogger/v1\" assemblyQualifiedName=\"Microsoft.VisualStudio.TestPlatform.CommandLine.Internal.ConsoleLogger, vstest.console, Version=15.0.0.0, Culture=neutral, PublicKeyToken=b03f5f7f11d50a3a\" codeBase=\"C:\\Program Files\\dotnet\\sdk\\5.0.400\\vstest.console.dll\" enabled=\"True\" />\r\n    </Loggers>\r\n  </LoggerRunSettings>\r\n  <DataCollectionRunSettings>\r\n    <DataCollectors>\r\n      <DataCollector friendlyName=\"blame\" enabled=\"True\">\r\n        <Configuration>\r\n          <ResultsDirectory>C:\\Users\\aitor\\Downloads\\RedArborAPI\\RedArborAPI.Test\\bin\\Release\\net5.0\\fine-code-coverage\\coverage-tool-output</ResultsDirectory>\r\n        </Configuration>\r\n      </DataCollector>\r\n    </DataCollectors>\r\n  </DataCollectionRunSettings>\r\n</RunSettings>","TestExecutionContext":{"FrequencyOfRunStatsChangeEvent":10,"RunStatsChangeEventTimeout":"00:00:01.5000000","InIsolation":false,"KeepAlive":false,"AreTestCaseLevelEventsRequired":false,"IsDebug":false,"TestCaseFilter":null,"FilterOptions":null},"Package":null}}
TpTrace Verbose: 0 : 21032, 6, 2021/10/12, 12:36:18.003, 2733911087895, vstest.console.dll, TcpClientExtensions.MessageLoopAsync: NotifyDataAvailable remoteEndPoint: 127.0.0.1:64055 localEndPoint: 127.0.0.1:64054
TpTrace Verbose: 0 : 21032, 6, 2021/10/12, 12:36:18.003, 2733911089563, vstest.console.dll, TestRequestSender.OnExecutionMessageReceived: Received message: {"Version":5,"MessageType":"TestSession.Message","Payload":{"MessageLevel":0,"Message":"Registrando diagnstico de TestHost en el archivo: C:\\Users\\aitor\\Downloads\\RedArborAPI\\RedArborAPI.Test\\bin\\Release\\net5.0\\fine-code-coverage\\coverage-tool-output\\diagnostics.host.21-10-12_12-36-17_60389_4.log"}}
TpTrace Verbose: 0 : 21032, 6, 2021/10/12, 12:36:18.005, 2733911106372, vstest.console.dll, TestRunRequest:SendTestRunMessage: Starting.
TpTrace Information: 0 : 21032, 6, 2021/10/12, 12:36:18.005, 2733911107648, vstest.console.dll, TestRunRequest:SendTestRunMessage: Completed.
TpTrace Verbose: 0 : 21032, 6, 2021/10/12, 12:36:18.005, 2733911108736, vstest.console.dll, TcpClientExtensions.MessageLoopAsync: Polling on remoteEndPoint: 127.0.0.1:64055 localEndPoint: 127.0.0.1:64054
TpTrace Verbose: 0 : 21032, 6, 2021/10/12, 12:36:18.197, 2733913027743, vstest.console.dll, TcpClientExtensions.MessageLoopAsync: NotifyDataAvailable remoteEndPoint: 127.0.0.1:64055 localEndPoint: 127.0.0.1:64054
TpTrace Verbose: 0 : 21032, 6, 2021/10/12, 12:36:18.197, 2733913029226, vstest.console.dll, TestRequestSender.OnExecutionMessageReceived: Received message: {"Version":5,"MessageType":"TestSession.Message","Payload":{"MessageLevel":0,"Message":"NUnit Adapter 4.0.0.0: Test execution started"}}
TpTrace Verbose: 0 : 21032, 6, 2021/10/12, 12:36:18.198, 2733913031583, vstest.console.dll, TestRunRequest:SendTestRunMessage: Starting.
TpTrace Information: 0 : 21032, 6, 2021/10/12, 12:36:18.198, 2733913032320, vstest.console.dll, TestRunRequest:SendTestRunMessage: Completed.
TpTrace Verbose: 0 : 21032, 6, 2021/10/12, 12:36:18.198, 2733913032829, vstest.console.dll, TcpClientExtensions.MessageLoopAsync: Polling on remoteEndPoint: 127.0.0.1:64055 localEndPoint: 127.0.0.1:64054
TpTrace Verbose: 0 : 21032, 6, 2021/10/12, 12:36:18.224, 2733913290772, vstest.console.dll, TcpClientExtensions.MessageLoopAsync: NotifyDataAvailable remoteEndPoint: 127.0.0.1:64055 localEndPoint: 127.0.0.1:64054
TpTrace Verbose: 0 : 21032, 6, 2021/10/12, 12:36:18.224, 2733913292041, vstest.console.dll, TestRequestSender.OnExecutionMessageReceived: Received message: {"Version":5,"MessageType":"TestSession.Message","Payload":{"MessageLevel":0,"Message":"Running all tests in C:\\Users\\aitor\\Downloads\\RedArborAPI\\RedArborAPI.Test\\bin\\Release\\net5.0\\fine-code-coverage\\build-output\\RedArborAPI.Test.dll"}}
TpTrace Verbose: 0 : 21032, 6, 2021/10/12, 12:36:18.224, 2733913293890, vstest.console.dll, TestRunRequest:SendTestRunMessage: Starting.
TpTrace Information: 0 : 21032, 6, 2021/10/12, 12:36:18.224, 2733913294650, vstest.console.dll, TestRunRequest:SendTestRunMessage: Completed.
TpTrace Verbose: 0 : 21032, 6, 2021/10/12, 12:36:18.224, 2733913295111, vstest.console.dll, TcpClientExtensions.MessageLoopAsync: Polling on remoteEndPoint: 127.0.0.1:64055 localEndPoint: 127.0.0.1:64054
TpTrace Verbose: 0 : 21032, 6, 2021/10/12, 12:36:18.344, 2733914499403, vstest.console.dll, TcpClientExtensions.MessageLoopAsync: NotifyDataAvailable remoteEndPoint: 127.0.0.1:64055 localEndPoint: 127.0.0.1:64054
TpTrace Verbose: 0 : 21032, 6, 2021/10/12, 12:36:18.345, 2733914500662, vstest.console.dll, TestRequestSender.OnExecutionMessageReceived: Received message: {"Version":5,"MessageType":"TestSession.Message","Payload":{"MessageLevel":0,"Message":"   NUnit3TestExecutor discovered 6 of 6 NUnit test cases using Current Discovery mode, Non-Explicit run"}}
TpTrace Verbose: 0 : 21032, 6, 2021/10/12, 12:36:18.345, 2733914502557, vstest.console.dll, TestRunRequest:SendTestRunMessage: Starting.
TpTrace Information: 0 : 21032, 6, 2021/10/12, 12:36:18.345, 2733914503260, vstest.console.dll, TestRunRequest:SendTestRunMessage: Completed.
TpTrace Verbose: 0 : 21032, 6, 2021/10/12, 12:36:18.345, 2733914503766, vstest.console.dll, TcpClientExtensions.MessageLoopAsync: Polling on remoteEndPoint: 127.0.0.1:64055 localEndPoint: 127.0.0.1:64054
TpTrace Verbose: 0 : 21032, 6, 2021/10/12, 12:36:18.590, 2733916957069, vstest.console.dll, TcpClientExtensions.MessageLoopAsync: NotifyDataAvailable remoteEndPoint: 127.0.0.1:64055 localEndPoint: 127.0.0.1:64054
TpTrace Verbose: 0 : 21032, 6, 2021/10/12, 12:36:18.590, 2733916958297, vstest.console.dll, TestRequestSender.OnExecutionMessageReceived: Received message: {"Version":5,"MessageType":"TestSession.Message","Payload":{"MessageLevel":0,"Message":"NUnit Adapter 4.0.0.0: Test execution complete"}}
TpTrace Verbose: 0 : 21032, 6, 2021/10/12, 12:36:18.590, 2733916959929, vstest.console.dll, TestRunRequest:SendTestRunMessage: Starting.
TpTrace Information: 0 : 21032, 6, 2021/10/12, 12:36:18.591, 2733916960576, vstest.console.dll, TestRunRequest:SendTestRunMessage: Completed.
TpTrace Verbose: 0 : 21032, 6, 2021/10/12, 12:36:18.591, 2733916960986, vstest.console.dll, TcpClientExtensions.MessageLoopAsync: Polling on remoteEndPoint: 127.0.0.1:64055 localEndPoint: 127.0.0.1:64054
TpTrace Verbose: 0 : 21032, 6, 2021/10/12, 12:36:18.623, 2733917289273, vstest.console.dll, TcpClientExtensions.MessageLoopAsync: NotifyDataAvailable remoteEndPoint: 127.0.0.1:64055 localEndPoint: 127.0.0.1:64054
TpTrace Verbose: 0 : 21032, 6, 2021/10/12, 12:36:18.624, 2733917292516, vstest.console.dll, TestRequestSender.OnExecutionMessageReceived: Received message: {"Version":5,"MessageType":"TestExecution.Completed","Payload":{"TestRunCompleteArgs":{"TestRunStatistics":{"ExecutedTests":6,"Stats":{"Passed":6}},"IsCanceled":false,"IsAborted":false,"Error":null,"AttachmentSets":[],"ElapsedTimeInRunningTests":"00:00:00.4228762","Metrics":{}},"LastRunTests":{"NewTestResults":[{"TestCase":{"Id":"ad9331b6-afc9-62c8-2d68-62a53ac019eb","FullyQualifiedName":"RedArborAPI.Test.Integration_Tests.ResArborAPIIntegration.AddEmployee_Test","DisplayName":"AddEmployee_Test","ExecutorUri":"executor://NUnit3TestExecutor","Source":"C:\\Users\\aitor\\Downloads\\RedArborAPI\\RedArborAPI.Test\\bin\\Release\\net5.0\\fine-code-coverage\\build-output\\RedArborAPI.Test.dll","CodeFilePath":null,"LineNumber":0,"Properties":[{"Key":{"Id":"NUnit.Seed","Label":"Seed","Category":"","Description":"","Attributes":0,"ValueType":"System.String"},"Value":"455070112"}]},"Attachments":[],"Outcome":1,"ErrorMessage":null,"ErrorStackTrace":null,"DisplayName":"AddEmployee_Test","Messages":[],"ComputerName":"DESKTOP-L1JPBBO","Duration":"00:00:00.0043410","StartTime":"2021-10-12T10:36:18.3705007+00:00","EndTime":"2021-10-12T10:36:18.3747576+00:00","Properties":[{"Key":{"Id":"NUnit.Seed","Label":"Seed","Category":"","Description":"","Attributes":0,"ValueType":"System.String"},"Value":"455070112"}]},{"TestCase":{"Id":"40afd778-aa4d-ba19-9281-1846e05c93e7","FullyQualifiedName":"RedArborAPI.UnitTests.Test.RedArborTest.AddEmployeeEntity","DisplayName":"AddEmployeeEntity","ExecutorUri":"executor://NUnit3TestExecutor","Source":"C:\\Users\\aitor\\Downloads\\RedArborAPI\\RedArborAPI.Test\\bin\\Release\\net5.0\\fine-code-coverage\\build-output\\RedArborAPI.Test.dll","CodeFilePath":null,"LineNumber":0,"Properties":[{"Key":{"Id":"NUnit.Seed","Label":"Seed","Category":"","Description":"","Attributes":0,"ValueType":"System.String"},"Value":"1842619352"}]},"Attachments":[],"Outcome":1,"ErrorMessage":null,"ErrorStackTrace":null,"DisplayName":"AddEmployeeEntity","Messages":[],"ComputerName":"DESKTOP-L1JPBBO","Duration":"00:00:00.1296420","StartTime":"2021-10-12T10:36:18.3782732+00:00","EndTime":"2021-10-12T10:36:18.5079137+00:00","Properties":[{"Key":{"Id":"NUnit.Seed","Label":"Seed","Category":"","Description":"","Attributes":0,"ValueType":"System.String"},"Value":"1842619352"}]},{"TestCase":{"Id":"9e7a74ac-fb1d-f1c0-65ad-d65d501bfbd1","FullyQualifiedName":"RedArborAPI.UnitTests.Test.RedArborTest.DeleteEmployeeEntity","DisplayName":"DeleteEmployeeEntity","ExecutorUri":"executor://NUnit3TestExecutor","Source":"C:\\Users\\aitor\\Downloads\\RedArborAPI\\RedArborAPI.Test\\bin\\Release\\net5.0\\fine-code-coverage\\build-output\\RedArborAPI.Test.dll","CodeFilePath":null,"LineNumber":0,"Properties":[{"Key":{"Id":"NUnit.Seed","Label":"Seed","Category":"","Description":"","Attributes":0,"ValueType":"System.String"},"Value":"594341394"}]},"Attachments":[],"Outcome":1,"ErrorMessage":null,"ErrorStackTrace":null,"DisplayName":"DeleteEmployeeEntity","Messages":[],"ComputerName":"DESKTOP-L1JPBBO","Duration":"00:00:00.0506390","StartTime":"2021-10-12T10:36:18.5079581+00:00","EndTime":"2021-10-12T10:36:18.5585963+00:00","Properties":[{"Key":{"Id":"NUnit.Seed","Label":"Seed","Category":"","Description":"","Attributes":0,"ValueType":"System.String"},"Value":"594341394"}]},{"TestCase":{"Id":"0a65ae99-8f8c-c792-a57b-3a20fdd85ee7","FullyQualifiedName":"RedArborAPI.UnitTests.Test.RedArborTest.GetAllEmployees","DisplayName":"GetAllEmployees","ExecutorUri":"executor://NUnit3TestExecutor","Source":"C:\\Users\\aitor\\Downloads\\RedArborAPI\\RedArborAPI.Test\\bin\\Release\\net5.0\\fine-code-coverage\\build-output\\RedArborAPI.Test.dll","CodeFilePath":null,"LineNumber":0,"Properties":[{"Key":{"Id":"NUnit.Seed","Label":"Seed","Category":"","Description":"","Attributes":0,"ValueType":"System.String"},"Value":"1259760809"}]},"Attachments":[],"Outcome":1,"ErrorMessage":null,"ErrorStackTrace":null,"DisplayName":"GetAllEmployees","Messages":[],"ComputerName":"DESKTOP-L1JPBBO","Duration":"00:00:00.0211860","StartTime":"2021-10-12T10:36:18.558616+00:00","EndTime":"2021-10-12T10:36:18.5798011+00:00","Properties":[{"Key":{"Id":"NUnit.Seed","Label":"Seed","Category":"","Description":"","Attributes":0,"ValueType":"System.String"},"Value":"1259760809"}]},{"TestCase":{"Id":"c4e88bf3-a14a-3b9a-cdb8-abfd550dbd69","FullyQualifiedName":"RedArborAPI.UnitTests.Test.RedArborTest.GetEmployeeEntityById","DisplayName":"GetEmployeeEntityById","ExecutorUri":"executor://NUnit3TestExecutor","Source":"C:\\Users\\aitor\\Downloads\\RedArborAPI\\RedArborAPI.Test\\bin\\Release\\net5.0\\fine-code-coverage\\build-output\\RedArborAPI.Test.dll","CodeFilePath":null,"LineNumber":0,"Properties":[{"Key":{"Id":"NUnit.Seed","Label":"Seed","Category":"","Description":"","Attributes":0,"ValueType":"System.String"},"Value":"225043410"}]},"Attachments":[],"Outcome":1,"ErrorMessage":null,"ErrorStackTrace":null,"DisplayName":"GetEmployeeEntityById","Messages":[],"ComputerName":"DESKTOP-L1JPBBO","Duration":"00:00:00.0045280","StartTime":"2021-10-12T10:36:18.5798284+00:00","EndTime":"2021-10-12T10:36:18.5843555+00:00","Properties":[{"Key":{"Id":"NUnit.Seed","Label":"Seed","Category":"","Description":"","Attributes":0,"ValueType":"System.String"},"Value":"225043410"}]},{"TestCase":{"Id":"811993cf-93b7-1859-a7a5-b14b55cb580a","FullyQualifiedName":"RedArborAPI.UnitTests.Test.RedArborTest.UpdateEmployeeEntity","DisplayName":"UpdateEmployeeEntity","ExecutorUri":"executor://NUnit3TestExecutor","Source":"C:\\Users\\aitor\\Downloads\\RedArborAPI\\RedArborAPI.Test\\bin\\Release\\net5.0\\fine-code-coverage\\build-output\\RedArborAPI.Test.dll","CodeFilePath":null,"LineNumber":0,"Properties":[{"Key":{"Id":"NUnit.Seed","Label":"Seed","Category":"","Description":"","Attributes":0,"ValueType":"System.String"},"Value":"623827888"}]},"Attachments":[],"Outcome":1,"ErrorMessage":null,"ErrorStackTrace":null,"DisplayName":"UpdateEmployeeEntity","Messages":[],"ComputerName":"DESKTOP-L1JPBBO","Duration":"00:00:00.0022840","StartTime":"2021-10-12T10:36:18.5843794+00:00","EndTime":"2021-10-12T10:36:18.5866627+00:00","Properties":[{"Key":{"Id":"NUnit.Seed","Label":"Seed","Category":"","Description":"","Attributes":0,"ValueType":"System.String"},"Value":"623827888"}]}],"TestRunStatistics":{"ExecutedTests":6,"Stats":{"Passed":6}},"ActiveTests":[]},"RunAttachments":[],"ExecutorUris":["executor://nunit3testexecutor/"]}}
TpTrace Verbose: 0 : 21032, 6, 2021/10/12, 12:36:18.624, 2733917298317, vstest.console.dll, TestRequestSender.EndSession: Sending end session.
TpTrace Verbose: 0 : 21032, 6, 2021/10/12, 12:36:18.624, 2733917299760, vstest.console.dll, ProxyOperationManager.Close: waiting for test host to exit for 100 ms
TpTrace Warning: 0 : 21032, 10, 2021/10/12, 12:36:18.639, 2733917449560, vstest.console.dll, TestHostManagerCallbacks.ErrorReceivedCallback Test host standard error line: 
TpTrace Verbose: 0 : 21032, 7, 2021/10/12, 12:36:18.644, 2733917497090, vstest.console.dll, TestHostProvider.ExitCallBack: Host exited starting callback.
TpTrace Information: 0 : 21032, 7, 2021/10/12, 12:36:18.645, 2733917501370, vstest.console.dll, TestHostManagerCallbacks.ExitCallBack: Testhost processId: 19056 exited with exitcode: 0 error: ''
TpTrace Verbose: 0 : 21032, 7, 2021/10/12, 12:36:18.645, 2733917502056, vstest.console.dll, DotnetTestHostManager.OnHostExited: invoking OnHostExited callback
TpTrace Verbose: 0 : 21032, 7, 2021/10/12, 12:36:18.645, 2733917502613, vstest.console.dll, CrossPlatEngine.TestHostManagerHostExited: calling on client process exit callback.
TpTrace Information: 0 : 21032, 7, 2021/10/12, 12:36:18.645, 2733917503169, vstest.console.dll, TestRequestSender.OnClientProcessExit: Test host process exited. Standard error: 
TpTrace Information: 0 : 21032, 7, 2021/10/12, 12:36:18.645, 2733917503631, vstest.console.dll, SocketServer.Stop: Stop server endPoint: 127.0.0.1:64054
TpTrace Information: 0 : 21032, 7, 2021/10/12, 12:36:18.645, 2733917504008, vstest.console.dll, SocketServer.Stop: Cancellation requested. Stopping message loop.
TpTrace Warning: 0 : 21032, 6, 2021/10/12, 12:36:18.645, 2733917503612, vstest.console.dll, ProxyOperationManager: Timed out waiting for test host to exit. Will terminate process.
TpTrace Verbose: 0 : 21032, 6, 2021/10/12, 12:36:18.651, 2733917563732, vstest.console.dll, ProxyDataCollectionManager.InvokeDataCollectionServiceAction: Starting.
TpTrace Information: 0 : 21032, 6, 2021/10/12, 12:36:18.651, 2733917564706, vstest.console.dll, ProxyDataCollectionManager.AfterTestRunEnd: Get attachment set for datacollector processId: 19024 port: 64051
TpTrace Verbose: 0 : 21032, 6, 2021/10/12, 12:36:18.651, 2733917565293, vstest.console.dll, DataCollectionRequestSender.SendAfterTestRunStartAndGetResult : Send AfterTestRunEnd message with isCancelled: False
TpTrace Verbose: 0 : 21032, 6, 2021/10/12, 12:36:18.654, 2733917598801, vstest.console.dll, DataCollectionRequestSender.SendAfterTestRunStartAndGetResult : Received message: (DataCollection.AfterTestRunEndResult) -> {
  "AttachmentSets": [],
  "Metrics": {}
}
TpTrace Information: 0 : 21032, 6, 2021/10/12, 12:36:18.657, 2733917625864, vstest.console.dll, ProxyDataCollectionManager.InvokeDataCollectionServiceAction: Completed.
TpTrace Warning: 0 : 21032, 9, 2021/10/12, 12:36:18.658, 2733917637190, vstest.console.dll, DataCollectionLauncher.ErrorReceivedCallback datacollector standard error line: 
TpTrace Information: 0 : 21032, 7, 2021/10/12, 12:36:18.662, 2733917675813, vstest.console.dll, DataCollectionLauncher.ExitCallBack: Data collector exited with exitcode: 0 error: ''
TpTrace Verbose: 0 : 21032, 6, 2021/10/12, 12:36:18.696, 2733918012039, vstest.console.dll, TestRunRequest:SendTestRunStatsChange: Starting.
TpTrace Information: 0 : 21032, 6, 2021/10/12, 12:36:18.696, 2733918014083, vstest.console.dll, TestRunRequest:SendTestRunStatsChange: Completed.
TpTrace Verbose: 0 : 21032, 6, 2021/10/12, 12:36:18.696, 2733918015449, vstest.console.dll, ParallelProxyExecutionManager: HandlePartialRunComplete: Total completed clients = 1, Run complete = True, Run canceled: False.
TpTrace Verbose: 0 : 21032, 6, 2021/10/12, 12:36:18.715, 2733918207160, vstest.console.dll, TestRunRequest:TestRunComplete: Starting. IsAborted:False IsCanceled:False.
TpTrace Verbose: 0 : 21032, 6, 2021/10/12, 12:36:18.715, 2733918208762, vstest.console.dll, TestLoggerManager.HandleTestRunComplete: Ignoring as the object is disposed.
TpTrace Information: 0 : 21032, 6, 2021/10/12, 12:36:18.716, 2733918210833, vstest.console.dll, TestRunRequest:TestRunComplete: Completed.
TpTrace Verbose: 0 : 21032, 1, 2021/10/12, 12:36:18.716, 2733918211278, vstest.console.dll, TestRunRequest.Dispose: Starting.
TpTrace Information: 0 : 21032, 1, 2021/10/12, 12:36:18.716, 2733918211970, vstest.console.dll, TestRunRequest.Dispose: Completed.
TpTrace Verbose: 0 : 21032, 6, 2021/10/12, 12:36:18.716, 2733918211453, vstest.console.dll, TestRequestSender.SetOperationComplete: Setting operation complete.
TpTrace Information: 0 : 21032, 6, 2021/10/12, 12:36:18.716, 2733918213036, vstest.console.dll, SocketServer.Stop: Stop server endPoint: 127.0.0.1:64054
TpTrace Information: 0 : 21032, 6, 2021/10/12, 12:36:18.716, 2733918213482, vstest.console.dll, SocketServer.Stop: Cancellation requested. Stopping message loop.
TpTrace Information: 0 : 21032, 1, 2021/10/12, 12:36:18.716, 2733918212476, vstest.console.dll, TestRequestManager.RunTests: run tests completed.
TpTrace Information: 0 : 21032, 6, 2021/10/12, 12:36:18.716, 2733918213993, vstest.console.dll, SocketServer.PrivateStop: Stop server endPoint: 127.0.0.1:64054 error: 
TpTrace Information: 0 : 21032, 1, 2021/10/12, 12:36:18.716, 2733918214781, vstest.console.dll, RunTestsArgumentProcessor:Execute: Test run is completed.
TpTrace Verbose: 0 : 21032, 1, 2021/10/12, 12:36:18.716, 2733918217241, vstest.console.dll, Executor.Execute: Exiting with exit code of 0
TpTrace Verbose: 0 : 21032, 6, 2021/10/12, 12:36:18.716, 2733918219142, vstest.console.dll, LengthPrefixCommunicationChannel.Dispose: Dispose reader and writer.
TpTrace Information: 0 : 21032, 6, 2021/10/12, 12:36:18.716, 2733918219961, vstest.console.dll, SocketServer.Stop: Raise disconnected event endPoint: 127.0.0.1:64054 error: 
TpTrace Verbose: 0 : 21032, 6, 2021/10/12, 12:36:18.717, 2733918220607, vstest.console.dll, TestRequestSender: OnTestRunAbort: Operation is already complete. Skip error message.
TpTrace Verbose: 0 : 21032, 6, 2021/10/12, 12:36:18.717, 2733918221019, vstest.console.dll, TcpClientExtensions.MessageLoopAsync: exiting MessageLoopAsync remoteEndPoint: 127.0.0.1:64055 localEndPoint: 127.0.0.1:64054
